{"/Users/nicolasgilbert/workspace/webeverything/plugs/core/CustomRegistry.ts": {"path":"/Users/nicolasgilbert/workspace/webeverything/plugs/core/CustomRegistry.ts","all":false,"statementMap":{"0":{"start":{"line":1,"column":0},"end":{"line":1,"column":66}},"1":{"start":{"line":2,"column":0},"end":{"line":2,"column":62}},"2":{"start":{"line":3,"column":0},"end":{"line":3,"column":0}},"3":{"start":{"line":4,"column":0},"end":{"line":4,"column":38}},"4":{"start":{"line":5,"column":0},"end":{"line":5,"column":0}},"5":{"start":{"line":6,"column":0},"end":{"line":6,"column":116}},"6":{"start":{"line":7,"column":0},"end":{"line":7,"column":59}},"7":{"start":{"line":8,"column":0},"end":{"line":8,"column":1}},"8":{"start":{"line":9,"column":0},"end":{"line":9,"column":0}},"9":{"start":{"line":10,"column":0},"end":{"line":10,"column":3}},"10":{"start":{"line":11,"column":0},"end":{"line":11,"column":58}},"11":{"start":{"line":12,"column":0},"end":{"line":12,"column":67}},"12":{"start":{"line":13,"column":0},"end":{"line":13,"column":3}},"13":{"start":{"line":14,"column":0},"end":{"line":14,"column":11}},"14":{"start":{"line":15,"column":0},"end":{"line":15,"column":58}},"15":{"start":{"line":16,"column":0},"end":{"line":16,"column":30}},"16":{"start":{"line":17,"column":0},"end":{"line":17,"column":4}},"17":{"start":{"line":18,"column":0},"end":{"line":18,"column":3}},"18":{"start":{"line":19,"column":0},"end":{"line":19,"column":185}},"19":{"start":{"line":20,"column":0},"end":{"line":20,"column":29}},"20":{"start":{"line":21,"column":0},"end":{"line":21,"column":0}},"21":{"start":{"line":22,"column":0},"end":{"line":22,"column":59}},"22":{"start":{"line":23,"column":0},"end":{"line":23,"column":39}},"23":{"start":{"line":24,"column":0},"end":{"line":24,"column":0}},"24":{"start":{"line":25,"column":0},"end":{"line":25,"column":82}},"25":{"start":{"line":26,"column":0},"end":{"line":26,"column":42}},"26":{"start":{"line":27,"column":0},"end":{"line":27,"column":3}},"27":{"start":{"line":28,"column":0},"end":{"line":28,"column":0}},"28":{"start":{"line":29,"column":0},"end":{"line":29,"column":50}},"29":{"start":{"line":30,"column":0},"end":{"line":30,"column":49}},"30":{"start":{"line":31,"column":0},"end":{"line":31,"column":3}},"31":{"start":{"line":32,"column":0},"end":{"line":32,"column":0}},"32":{"start":{"line":33,"column":0},"end":{"line":33,"column":14}},"33":{"start":{"line":34,"column":0},"end":{"line":34,"column":42}},"34":{"start":{"line":35,"column":0},"end":{"line":35,"column":3}},"35":{"start":{"line":36,"column":0},"end":{"line":36,"column":0}},"36":{"start":{"line":37,"column":0},"end":{"line":37,"column":17}},"37":{"start":{"line":38,"column":0},"end":{"line":38,"column":29}},"38":{"start":{"line":39,"column":0},"end":{"line":39,"column":3}},"39":{"start":{"line":40,"column":0},"end":{"line":40,"column":0}},"40":{"start":{"line":41,"column":0},"end":{"line":41,"column":85}},"41":{"start":{"line":42,"column":0},"end":{"line":42,"column":39}},"42":{"start":{"line":43,"column":0},"end":{"line":43,"column":3}},"43":{"start":{"line":44,"column":0},"end":{"line":44,"column":0}},"44":{"start":{"line":45,"column":0},"end":{"line":45,"column":43}},"45":{"start":{"line":46,"column":0},"end":{"line":46,"column":77}},"46":{"start":{"line":47,"column":0},"end":{"line":47,"column":87}},"47":{"start":{"line":48,"column":0},"end":{"line":48,"column":32}},"48":{"start":{"line":49,"column":0},"end":{"line":49,"column":90}},"49":{"start":{"line":50,"column":0},"end":{"line":50,"column":48}},"50":{"start":{"line":51,"column":0},"end":{"line":51,"column":5}},"51":{"start":{"line":52,"column":0},"end":{"line":52,"column":21}},"52":{"start":{"line":53,"column":0},"end":{"line":53,"column":3}},"53":{"start":{"line":54,"column":0},"end":{"line":54,"column":0}},"54":{"start":{"line":55,"column":0},"end":{"line":55,"column":46}},"55":{"start":{"line":56,"column":0},"end":{"line":56,"column":61}},"56":{"start":{"line":57,"column":0},"end":{"line":57,"column":3}},"57":{"start":{"line":58,"column":0},"end":{"line":58,"column":0}},"58":{"start":{"line":59,"column":0},"end":{"line":59,"column":27}},"59":{"start":{"line":60,"column":0},"end":{"line":60,"column":88}},"60":{"start":{"line":61,"column":0},"end":{"line":61,"column":3}},"61":{"start":{"line":62,"column":0},"end":{"line":62,"column":0}},"62":{"start":{"line":63,"column":0},"end":{"line":63,"column":30}},"63":{"start":{"line":64,"column":0},"end":{"line":64,"column":34}},"64":{"start":{"line":65,"column":0},"end":{"line":65,"column":3}},"65":{"start":{"line":66,"column":0},"end":{"line":66,"column":0}},"66":{"start":{"line":67,"column":0},"end":{"line":67,"column":10}},"67":{"start":{"line":68,"column":0},"end":{"line":68,"column":61}},"68":{"start":{"line":69,"column":0},"end":{"line":69,"column":43}},"69":{"start":{"line":70,"column":0},"end":{"line":70,"column":52}},"70":{"start":{"line":71,"column":0},"end":{"line":71,"column":9}},"71":{"start":{"line":72,"column":0},"end":{"line":72,"column":20}},"72":{"start":{"line":73,"column":0},"end":{"line":73,"column":23}},"73":{"start":{"line":74,"column":0},"end":{"line":74,"column":0}},"74":{"start":{"line":75,"column":0},"end":{"line":75,"column":25}},"75":{"start":{"line":76,"column":0},"end":{"line":76,"column":3}},"76":{"start":{"line":77,"column":0},"end":{"line":77,"column":0}},"77":{"start":{"line":78,"column":0},"end":{"line":78,"column":34}},"78":{"start":{"line":79,"column":0},"end":{"line":79,"column":29}},"79":{"start":{"line":80,"column":0},"end":{"line":80,"column":84}},"80":{"start":{"line":81,"column":0},"end":{"line":81,"column":3}},"81":{"start":{"line":82,"column":0},"end":{"line":82,"column":0}},"82":{"start":{"line":83,"column":0},"end":{"line":83,"column":12}},"83":{"start":{"line":84,"column":0},"end":{"line":84,"column":29}},"84":{"start":{"line":85,"column":0},"end":{"line":85,"column":73}},"85":{"start":{"line":86,"column":0},"end":{"line":86,"column":3}},"86":{"start":{"line":87,"column":0},"end":{"line":87,"column":0}},"87":{"start":{"line":88,"column":0},"end":{"line":88,"column":20}},"88":{"start":{"line":89,"column":0},"end":{"line":89,"column":43}},"89":{"start":{"line":90,"column":0},"end":{"line":90,"column":3}},"90":{"start":{"line":91,"column":0},"end":{"line":91,"column":0}},"91":{"start":{"line":92,"column":0},"end":{"line":92,"column":15}},"92":{"start":{"line":93,"column":0},"end":{"line":93,"column":73}},"93":{"start":{"line":94,"column":0},"end":{"line":94,"column":3}},"94":{"start":{"line":95,"column":0},"end":{"line":95,"column":0}},"95":{"start":{"line":96,"column":0},"end":{"line":96,"column":17}},"96":{"start":{"line":97,"column":0},"end":{"line":97,"column":25}},"97":{"start":{"line":98,"column":0},"end":{"line":98,"column":3}},"98":{"start":{"line":99,"column":0},"end":{"line":99,"column":0}},"99":{"start":{"line":100,"column":0},"end":{"line":100,"column":30}},"100":{"start":{"line":101,"column":0},"end":{"line":101,"column":37}},"101":{"start":{"line":102,"column":0},"end":{"line":102,"column":3}},"102":{"start":{"line":103,"column":0},"end":{"line":103,"column":1}}},"s":{"0":1,"1":1,"2":1,"3":1,"4":1,"5":1,"6":1,"7":1,"8":1,"9":1,"10":1,"11":1,"12":1,"13":1,"14":1,"15":1,"16":1,"17":1,"18":1,"19":193,"20":193,"21":193,"22":193,"23":193,"24":193,"25":193,"26":193,"27":193,"28":193,"29":1,"30":1,"31":193,"32":193,"33":3,"34":3,"35":193,"36":193,"37":2,"38":2,"39":193,"40":193,"41":89,"42":89,"43":193,"44":193,"45":47,"46":9,"47":38,"48":4,"49":4,"50":4,"51":5,"52":47,"53":193,"54":193,"55":4,"56":4,"57":193,"58":193,"59":40,"60":40,"61":193,"62":193,"63":6,"64":6,"65":193,"66":193,"67":9,"68":2,"69":2,"70":2,"71":2,"72":9,"73":9,"74":9,"75":9,"76":193,"77":193,"78":1,"79":1,"80":1,"81":193,"82":193,"83":2,"84":2,"85":2,"86":193,"87":193,"88":11,"89":11,"90":193,"91":193,"92":0,"93":0,"94":193,"95":193,"96":1,"97":1,"98":193,"99":193,"100":3,"101":3,"102":193},"branchMap":{"0":{"type":"branch","line":19,"loc":{"start":{"line":19,"column":184},"end":{"line":103,"column":1}},"locations":[{"start":{"line":19,"column":184},"end":{"line":103,"column":1}}]},"1":{"type":"branch","line":25,"loc":{"start":{"line":25,"column":2},"end":{"line":27,"column":3}},"locations":[{"start":{"line":25,"column":2},"end":{"line":27,"column":3}}]},"2":{"type":"branch","line":26,"loc":{"start":{"line":26,"column":28},"end":{"line":26,"column":42}},"locations":[{"start":{"line":26,"column":28},"end":{"line":26,"column":42}}]},"3":{"type":"branch","line":29,"loc":{"start":{"line":29,"column":2},"end":{"line":31,"column":3}},"locations":[{"start":{"line":29,"column":2},"end":{"line":31,"column":3}}]},"4":{"type":"branch","line":33,"loc":{"start":{"line":33,"column":2},"end":{"line":35,"column":3}},"locations":[{"start":{"line":33,"column":2},"end":{"line":35,"column":3}}]},"5":{"type":"branch","line":37,"loc":{"start":{"line":37,"column":2},"end":{"line":39,"column":3}},"locations":[{"start":{"line":37,"column":2},"end":{"line":39,"column":3}}]},"6":{"type":"branch","line":41,"loc":{"start":{"line":41,"column":2},"end":{"line":43,"column":3}},"locations":[{"start":{"line":41,"column":2},"end":{"line":43,"column":3}}]},"7":{"type":"branch","line":45,"loc":{"start":{"line":45,"column":2},"end":{"line":53,"column":3}},"locations":[{"start":{"line":45,"column":2},"end":{"line":53,"column":3}}]},"8":{"type":"branch","line":46,"loc":{"start":{"line":46,"column":32},"end":{"line":51,"column":5}},"locations":[{"start":{"line":46,"column":32},"end":{"line":51,"column":5}}]},"9":{"type":"branch","line":46,"loc":{"start":{"line":46,"column":60},"end":{"line":48,"column":31}},"locations":[{"start":{"line":46,"column":60},"end":{"line":48,"column":31}}]},"10":{"type":"branch","line":48,"loc":{"start":{"line":48,"column":31},"end":{"line":51,"column":5}},"locations":[{"start":{"line":48,"column":31},"end":{"line":51,"column":5}}]},"11":{"type":"branch","line":51,"loc":{"start":{"line":51,"column":4},"end":{"line":52,"column":21}},"locations":[{"start":{"line":51,"column":4},"end":{"line":52,"column":21}}]},"12":{"type":"branch","line":47,"loc":{"start":{"line":47,"column":53},"end":{"line":47,"column":85}},"locations":[{"start":{"line":47,"column":53},"end":{"line":47,"column":85}}]},"13":{"type":"branch","line":55,"loc":{"start":{"line":55,"column":2},"end":{"line":57,"column":3}},"locations":[{"start":{"line":55,"column":2},"end":{"line":57,"column":3}}]},"14":{"type":"branch","line":59,"loc":{"start":{"line":59,"column":2},"end":{"line":61,"column":3}},"locations":[{"start":{"line":59,"column":2},"end":{"line":61,"column":3}}]},"15":{"type":"branch","line":60,"loc":{"start":{"line":60,"column":32},"end":{"line":60,"column":88}},"locations":[{"start":{"line":60,"column":32},"end":{"line":60,"column":88}}]},"16":{"type":"branch","line":60,"loc":{"start":{"line":60,"column":56},"end":{"line":60,"column":86}},"locations":[{"start":{"line":60,"column":56},"end":{"line":60,"column":86}}]},"17":{"type":"branch","line":63,"loc":{"start":{"line":63,"column":2},"end":{"line":65,"column":3}},"locations":[{"start":{"line":63,"column":2},"end":{"line":65,"column":3}}]},"18":{"type":"branch","line":67,"loc":{"start":{"line":67,"column":2},"end":{"line":76,"column":3}},"locations":[{"start":{"line":67,"column":2},"end":{"line":76,"column":3}}]},"19":{"type":"branch","line":68,"loc":{"start":{"line":68,"column":38},"end":{"line":73,"column":7}},"locations":[{"start":{"line":68,"column":38},"end":{"line":73,"column":7}}]},"20":{"type":"branch","line":69,"loc":{"start":{"line":69,"column":33},"end":{"line":71,"column":7}},"locations":[{"start":{"line":69,"column":33},"end":{"line":71,"column":7}}]},"21":{"type":"branch","line":78,"loc":{"start":{"line":78,"column":2},"end":{"line":81,"column":3}},"locations":[{"start":{"line":78,"column":2},"end":{"line":81,"column":3}}]},"22":{"type":"branch","line":80,"loc":{"start":{"line":80,"column":32},"end":{"line":80,"column":82}},"locations":[{"start":{"line":80,"column":32},"end":{"line":80,"column":82}}]},"23":{"type":"branch","line":83,"loc":{"start":{"line":83,"column":2},"end":{"line":86,"column":3}},"locations":[{"start":{"line":83,"column":2},"end":{"line":86,"column":3}}]},"24":{"type":"branch","line":85,"loc":{"start":{"line":85,"column":32},"end":{"line":85,"column":54}},"locations":[{"start":{"line":85,"column":32},"end":{"line":85,"column":54}}]},"25":{"type":"branch","line":88,"loc":{"start":{"line":88,"column":2},"end":{"line":90,"column":3}},"locations":[{"start":{"line":88,"column":2},"end":{"line":90,"column":3}}]},"26":{"type":"branch","line":96,"loc":{"start":{"line":96,"column":2},"end":{"line":98,"column":3}},"locations":[{"start":{"line":96,"column":2},"end":{"line":98,"column":3}}]},"27":{"type":"branch","line":100,"loc":{"start":{"line":100,"column":2},"end":{"line":102,"column":3}},"locations":[{"start":{"line":100,"column":2},"end":{"line":102,"column":3}}]}},"b":{"0":[193],"1":[193],"2":[183],"3":[1],"4":[3],"5":[2],"6":[89],"7":[47],"8":[38],"9":[9],"10":[4],"11":[5],"12":[4],"13":[4],"14":[40],"15":[15],"16":[5],"17":[6],"18":[9],"19":[2],"20":[2],"21":[1],"22":[2],"23":[2],"24":[4],"25":[11],"26":[1],"27":[3]},"fnMap":{"0":{"name":"<instance_members_initializer>","decl":{"start":{"line":19,"column":184},"end":{"line":103,"column":1}},"loc":{"start":{"line":19,"column":184},"end":{"line":103,"column":1}},"line":19},"1":{"name":"CustomRegistry","decl":{"start":{"line":25,"column":2},"end":{"line":27,"column":3}},"loc":{"start":{"line":25,"column":2},"end":{"line":27,"column":3}},"line":25},"2":{"name":"define","decl":{"start":{"line":29,"column":2},"end":{"line":31,"column":3}},"loc":{"start":{"line":29,"column":2},"end":{"line":31,"column":3}},"line":29},"3":{"name":"get size","decl":{"start":{"line":33,"column":2},"end":{"line":35,"column":3}},"loc":{"start":{"line":33,"column":2},"end":{"line":35,"column":3}},"line":33},"4":{"name":"get ownSize","decl":{"start":{"line":37,"column":2},"end":{"line":39,"column":3}},"loc":{"start":{"line":37,"column":2},"end":{"line":39,"column":3}},"line":37},"5":{"name":"set","decl":{"start":{"line":41,"column":2},"end":{"line":43,"column":3}},"loc":{"start":{"line":41,"column":2},"end":{"line":43,"column":3}},"line":41},"6":{"name":"get","decl":{"start":{"line":45,"column":2},"end":{"line":53,"column":3}},"loc":{"start":{"line":45,"column":2},"end":{"line":53,"column":3}},"line":45},"7":{"name":"getOwn","decl":{"start":{"line":55,"column":2},"end":{"line":57,"column":3}},"loc":{"start":{"line":55,"column":2},"end":{"line":57,"column":3}},"line":55},"8":{"name":"has","decl":{"start":{"line":59,"column":2},"end":{"line":61,"column":3}},"loc":{"start":{"line":59,"column":2},"end":{"line":61,"column":3}},"line":59},"9":{"name":"hasOwn","decl":{"start":{"line":63,"column":2},"end":{"line":65,"column":3}},"loc":{"start":{"line":63,"column":2},"end":{"line":65,"column":3}},"line":63},"10":{"name":"keys","decl":{"start":{"line":67,"column":2},"end":{"line":76,"column":3}},"loc":{"start":{"line":67,"column":2},"end":{"line":76,"column":3}},"line":67},"11":{"name":"entries","decl":{"start":{"line":78,"column":2},"end":{"line":81,"column":3}},"loc":{"start":{"line":78,"column":2},"end":{"line":81,"column":3}},"line":78},"12":{"name":"values","decl":{"start":{"line":83,"column":2},"end":{"line":86,"column":3}},"loc":{"start":{"line":83,"column":2},"end":{"line":86,"column":3}},"line":83},"13":{"name":"ownKeys","decl":{"start":{"line":88,"column":2},"end":{"line":90,"column":3}},"loc":{"start":{"line":88,"column":2},"end":{"line":90,"column":3}},"line":88},"14":{"name":"ownValues","decl":{"start":{"line":92,"column":2},"end":{"line":94,"column":3}},"loc":{"start":{"line":92,"column":2},"end":{"line":94,"column":3}},"line":92},"15":{"name":"clear","decl":{"start":{"line":96,"column":2},"end":{"line":98,"column":3}},"loc":{"start":{"line":96,"column":2},"end":{"line":98,"column":3}},"line":96},"16":{"name":"delete","decl":{"start":{"line":100,"column":2},"end":{"line":102,"column":3}},"loc":{"start":{"line":100,"column":2},"end":{"line":102,"column":3}},"line":100}},"f":{"0":193,"1":193,"2":1,"3":3,"4":2,"5":89,"6":47,"7":4,"8":40,"9":6,"10":9,"11":1,"12":2,"13":11,"14":0,"15":1,"16":3}}
,"/Users/nicolasgilbert/workspace/webeverything/plugs/core/HTMLRegistry.ts": {"path":"/Users/nicolasgilbert/workspace/webeverything/plugs/core/HTMLRegistry.ts","all":false,"statementMap":{"0":{"start":{"line":1,"column":0},"end":{"line":1,"column":65}},"1":{"start":{"line":2,"column":0},"end":{"line":2,"column":50}},"2":{"start":{"line":3,"column":0},"end":{"line":3,"column":0}},"3":{"start":{"line":4,"column":0},"end":{"line":4,"column":46}},"4":{"start":{"line":5,"column":0},"end":{"line":5,"column":0}},"5":{"start":{"line":6,"column":0},"end":{"line":6,"column":33}},"6":{"start":{"line":7,"column":0},"end":{"line":7,"column":24}},"7":{"start":{"line":8,"column":0},"end":{"line":8,"column":33}},"8":{"start":{"line":9,"column":0},"end":{"line":9,"column":36}},"9":{"start":{"line":10,"column":0},"end":{"line":10,"column":31}},"10":{"start":{"line":11,"column":0},"end":{"line":11,"column":1}},"11":{"start":{"line":12,"column":0},"end":{"line":12,"column":0}},"12":{"start":{"line":13,"column":0},"end":{"line":13,"column":103}},"13":{"start":{"line":14,"column":0},"end":{"line":14,"column":19}},"14":{"start":{"line":15,"column":0},"end":{"line":15,"column":1}},"15":{"start":{"line":16,"column":0},"end":{"line":16,"column":0}},"16":{"start":{"line":17,"column":0},"end":{"line":17,"column":3}},"17":{"start":{"line":18,"column":0},"end":{"line":18,"column":73}},"18":{"start":{"line":19,"column":0},"end":{"line":19,"column":80}},"19":{"start":{"line":20,"column":0},"end":{"line":20,"column":3}},"20":{"start":{"line":21,"column":0},"end":{"line":21,"column":181}},"21":{"start":{"line":22,"column":0},"end":{"line":22,"column":29}},"22":{"start":{"line":23,"column":0},"end":{"line":23,"column":0}},"23":{"start":{"line":24,"column":0},"end":{"line":24,"column":46}},"24":{"start":{"line":25,"column":0},"end":{"line":25,"column":0}},"25":{"start":{"line":26,"column":0},"end":{"line":26,"column":37}},"26":{"start":{"line":27,"column":0},"end":{"line":27,"column":39}},"27":{"start":{"line":28,"column":0},"end":{"line":28,"column":0}},"28":{"start":{"line":29,"column":0},"end":{"line":29,"column":75}},"29":{"start":{"line":30,"column":0},"end":{"line":30,"column":47}},"30":{"start":{"line":31,"column":0},"end":{"line":31,"column":3}},"31":{"start":{"line":32,"column":0},"end":{"line":32,"column":0}},"32":{"start":{"line":33,"column":0},"end":{"line":33,"column":88}},"33":{"start":{"line":34,"column":0},"end":{"line":34,"column":32}},"34":{"start":{"line":35,"column":0},"end":{"line":35,"column":57}},"35":{"start":{"line":36,"column":0},"end":{"line":36,"column":3}},"36":{"start":{"line":37,"column":0},"end":{"line":37,"column":0}},"37":{"start":{"line":38,"column":0},"end":{"line":38,"column":21}},"38":{"start":{"line":39,"column":0},"end":{"line":39,"column":26}},"39":{"start":{"line":40,"column":0},"end":{"line":40,"column":41}},"40":{"start":{"line":41,"column":0},"end":{"line":41,"column":45}},"41":{"start":{"line":42,"column":0},"end":{"line":42,"column":5}},"42":{"start":{"line":43,"column":0},"end":{"line":43,"column":21}},"43":{"start":{"line":44,"column":0},"end":{"line":44,"column":3}},"44":{"start":{"line":45,"column":0},"end":{"line":45,"column":0}},"45":{"start":{"line":46,"column":0},"end":{"line":46,"column":55}},"46":{"start":{"line":47,"column":0},"end":{"line":47,"column":52}},"47":{"start":{"line":48,"column":0},"end":{"line":48,"column":3}},"48":{"start":{"line":49,"column":0},"end":{"line":49,"column":1}}},"s":{"0":1,"1":1,"2":1,"3":1,"4":1,"5":1,"6":1,"7":1,"8":1,"9":1,"10":1,"11":1,"12":1,"13":1,"14":1,"15":1,"16":1,"17":1,"18":1,"19":1,"20":1,"21":132,"22":132,"23":132,"24":132,"25":132,"26":132,"27":132,"28":132,"29":3,"30":3,"31":132,"32":132,"33":47,"34":47,"35":47,"36":132,"37":132,"38":11,"39":9,"40":9,"41":9,"42":2,"43":11,"44":132,"45":132,"46":19,"47":19,"48":132},"branchMap":{"0":{"type":"branch","line":21,"loc":{"start":{"line":21,"column":180},"end":{"line":49,"column":1}},"locations":[{"start":{"line":21,"column":180},"end":{"line":49,"column":1}}]},"1":{"type":"branch","line":29,"loc":{"start":{"line":29,"column":2},"end":{"line":31,"column":3}},"locations":[{"start":{"line":29,"column":2},"end":{"line":31,"column":3}}]},"2":{"type":"branch","line":33,"loc":{"start":{"line":33,"column":2},"end":{"line":36,"column":3}},"locations":[{"start":{"line":33,"column":2},"end":{"line":36,"column":3}}]},"3":{"type":"branch","line":38,"loc":{"start":{"line":38,"column":2},"end":{"line":44,"column":3}},"locations":[{"start":{"line":38,"column":2},"end":{"line":44,"column":3}}]},"4":{"type":"branch","line":39,"loc":{"start":{"line":39,"column":25},"end":{"line":42,"column":5}},"locations":[{"start":{"line":39,"column":25},"end":{"line":42,"column":5}}]},"5":{"type":"branch","line":42,"loc":{"start":{"line":42,"column":4},"end":{"line":43,"column":21}},"locations":[{"start":{"line":42,"column":4},"end":{"line":43,"column":21}}]},"6":{"type":"branch","line":46,"loc":{"start":{"line":46,"column":2},"end":{"line":48,"column":3}},"locations":[{"start":{"line":46,"column":2},"end":{"line":48,"column":3}}]}},"b":{"0":[132],"1":[3],"2":[47],"3":[11],"4":[9],"5":[2],"6":[19]},"fnMap":{"0":{"name":"<instance_members_initializer>","decl":{"start":{"line":21,"column":180},"end":{"line":49,"column":1}},"loc":{"start":{"line":21,"column":180},"end":{"line":49,"column":1}},"line":21},"1":{"name":"getLocalNameOf","decl":{"start":{"line":29,"column":2},"end":{"line":31,"column":3}},"loc":{"start":{"line":29,"column":2},"end":{"line":31,"column":3}},"line":29},"2":{"name":"set","decl":{"start":{"line":33,"column":2},"end":{"line":36,"column":3}},"loc":{"start":{"line":33,"column":2},"end":{"line":36,"column":3}},"line":33},"3":{"name":"get","decl":{"start":{"line":38,"column":2},"end":{"line":44,"column":3}},"loc":{"start":{"line":38,"column":2},"end":{"line":44,"column":3}},"line":38},"4":{"name":"getDefinition","decl":{"start":{"line":46,"column":2},"end":{"line":48,"column":3}},"loc":{"start":{"line":46,"column":2},"end":{"line":48,"column":3}},"line":46}},"f":{"0":132,"1":3,"2":47,"3":11,"4":19}}
,"/Users/nicolasgilbert/workspace/webeverything/plugs/webcomponents/CustomElement.ts": {"path":"/Users/nicolasgilbert/workspace/webeverything/plugs/webcomponents/CustomElement.ts","all":false,"statementMap":{"0":{"start":{"line":1,"column":0},"end":{"line":1,"column":65}},"1":{"start":{"line":2,"column":0},"end":{"line":2,"column":54}},"2":{"start":{"line":3,"column":0},"end":{"line":3,"column":0}},"3":{"start":{"line":4,"column":0},"end":{"line":4,"column":41}},"4":{"start":{"line":5,"column":0},"end":{"line":5,"column":0}},"5":{"start":{"line":6,"column":0},"end":{"line":6,"column":3}},"6":{"start":{"line":7,"column":0},"end":{"line":7,"column":43}},"7":{"start":{"line":8,"column":0},"end":{"line":8,"column":68}},"8":{"start":{"line":9,"column":0},"end":{"line":9,"column":3}},"9":{"start":{"line":10,"column":0},"end":{"line":10,"column":11}},"10":{"start":{"line":11,"column":0},"end":{"line":11,"column":60}},"11":{"start":{"line":12,"column":0},"end":{"line":12,"column":26}},"12":{"start":{"line":13,"column":0},"end":{"line":13,"column":38}},"13":{"start":{"line":14,"column":0},"end":{"line":14,"column":6}},"14":{"start":{"line":15,"column":0},"end":{"line":15,"column":4}},"15":{"start":{"line":16,"column":0},"end":{"line":16,"column":3}},"16":{"start":{"line":17,"column":0},"end":{"line":17,"column":121}},"17":{"start":{"line":18,"column":0},"end":{"line":18,"column":39}},"18":{"start":{"line":19,"column":0},"end":{"line":19,"column":34}},"19":{"start":{"line":20,"column":0},"end":{"line":20,"column":0}},"20":{"start":{"line":21,"column":0},"end":{"line":21,"column":19}},"21":{"start":{"line":22,"column":0},"end":{"line":22,"column":0}},"22":{"start":{"line":23,"column":0},"end":{"line":23,"column":49}},"23":{"start":{"line":24,"column":0},"end":{"line":24,"column":12}},"24":{"start":{"line":25,"column":0},"end":{"line":25,"column":27}},"25":{"start":{"line":26,"column":0},"end":{"line":26,"column":3}},"26":{"start":{"line":27,"column":0},"end":{"line":27,"column":0}},"27":{"start":{"line":28,"column":0},"end":{"line":28,"column":29}},"28":{"start":{"line":29,"column":0},"end":{"line":29,"column":32}},"29":{"start":{"line":30,"column":0},"end":{"line":30,"column":27}},"30":{"start":{"line":31,"column":0},"end":{"line":31,"column":107}},"31":{"start":{"line":32,"column":0},"end":{"line":32,"column":34}},"32":{"start":{"line":33,"column":0},"end":{"line":33,"column":32}},"33":{"start":{"line":34,"column":0},"end":{"line":34,"column":29}},"34":{"start":{"line":35,"column":0},"end":{"line":35,"column":36}},"35":{"start":{"line":36,"column":0},"end":{"line":36,"column":1}}},"s":{"0":1,"1":1,"2":1,"3":1,"4":1,"5":1,"6":1,"7":1,"8":1,"9":1,"10":1,"11":1,"12":1,"13":1,"14":1,"15":1,"16":1,"17":1,"18":1,"19":1,"20":1,"21":1,"22":1,"23":14,"24":14,"25":14,"26":1,"27":1,"28":1,"29":1,"30":1,"31":1,"32":1,"33":1,"34":1,"35":1},"branchMap":{"0":{"type":"branch","line":17,"loc":{"start":{"line":17,"column":120},"end":{"line":36,"column":1}},"locations":[{"start":{"line":17,"column":120},"end":{"line":36,"column":1}}]},"1":{"type":"branch","line":17,"loc":{"start":{"line":17,"column":120},"end":{"line":36,"column":1}},"locations":[{"start":{"line":17,"column":120},"end":{"line":36,"column":1}}]},"2":{"type":"branch","line":23,"loc":{"start":{"line":23,"column":2},"end":{"line":26,"column":3}},"locations":[{"start":{"line":23,"column":2},"end":{"line":26,"column":3}}]}},"b":{"0":[14],"1":[1],"2":[14]},"fnMap":{"0":{"name":"<instance_members_initializer>","decl":{"start":{"line":17,"column":120},"end":{"line":36,"column":1}},"loc":{"start":{"line":17,"column":120},"end":{"line":36,"column":1}},"line":17},"1":{"name":"<static_initializer>","decl":{"start":{"line":17,"column":120},"end":{"line":36,"column":1}},"loc":{"start":{"line":17,"column":120},"end":{"line":36,"column":1}},"line":17},"2":{"name":"CustomElement","decl":{"start":{"line":23,"column":2},"end":{"line":26,"column":3}},"loc":{"start":{"line":23,"column":2},"end":{"line":26,"column":3}},"line":23}},"f":{"0":14,"1":1,"2":14}}
,"/Users/nicolasgilbert/workspace/webeverything/plugs/webcomponents/Node.cloneNode.patch.ts": {"path":"/Users/nicolasgilbert/workspace/webeverything/plugs/webcomponents/Node.cloneNode.patch.ts","all":false,"statementMap":{"0":{"start":{"line":1,"column":0},"end":{"line":1,"column":3}},"1":{"start":{"line":2,"column":0},"end":{"line":2,"column":67}},"2":{"start":{"line":3,"column":0},"end":{"line":3,"column":3}},"3":{"start":{"line":4,"column":0},"end":{"line":4,"column":73}},"4":{"start":{"line":5,"column":0},"end":{"line":5,"column":3}},"5":{"start":{"line":6,"column":0},"end":{"line":6,"column":67}},"6":{"start":{"line":7,"column":0},"end":{"line":7,"column":41}},"7":{"start":{"line":8,"column":0},"end":{"line":8,"column":30}},"8":{"start":{"line":9,"column":0},"end":{"line":9,"column":29}},"9":{"start":{"line":10,"column":0},"end":{"line":10,"column":58}},"10":{"start":{"line":11,"column":0},"end":{"line":11,"column":54}},"11":{"start":{"line":12,"column":0},"end":{"line":12,"column":3}},"12":{"start":{"line":13,"column":0},"end":{"line":13,"column":24}},"13":{"start":{"line":14,"column":0},"end":{"line":14,"column":3}},"14":{"start":{"line":15,"column":0},"end":{"line":15,"column":0}},"15":{"start":{"line":16,"column":0},"end":{"line":16,"column":64}},"16":{"start":{"line":17,"column":0},"end":{"line":17,"column":0}},"17":{"start":{"line":18,"column":0},"end":{"line":18,"column":3}},"18":{"start":{"line":19,"column":0},"end":{"line":19,"column":66}},"19":{"start":{"line":20,"column":0},"end":{"line":20,"column":53}},"20":{"start":{"line":21,"column":0},"end":{"line":21,"column":3}},"21":{"start":{"line":22,"column":0},"end":{"line":22,"column":49}},"22":{"start":{"line":23,"column":0},"end":{"line":23,"column":0}},"23":{"start":{"line":24,"column":0},"end":{"line":24,"column":3}},"24":{"start":{"line":25,"column":0},"end":{"line":25,"column":65}},"25":{"start":{"line":26,"column":0},"end":{"line":26,"column":3}},"26":{"start":{"line":27,"column":0},"end":{"line":27,"column":89}},"27":{"start":{"line":28,"column":0},"end":{"line":28,"column":0}},"28":{"start":{"line":29,"column":0},"end":{"line":29,"column":3}},"29":{"start":{"line":30,"column":0},"end":{"line":30,"column":43}},"30":{"start":{"line":31,"column":0},"end":{"line":31,"column":3}},"31":{"start":{"line":32,"column":0},"end":{"line":32,"column":45}},"32":{"start":{"line":33,"column":0},"end":{"line":33,"column":29}},"33":{"start":{"line":34,"column":0},"end":{"line":34,"column":57}},"34":{"start":{"line":35,"column":0},"end":{"line":35,"column":11}},"35":{"start":{"line":36,"column":0},"end":{"line":36,"column":3}},"36":{"start":{"line":37,"column":0},"end":{"line":37,"column":0}},"37":{"start":{"line":38,"column":0},"end":{"line":38,"column":45}},"38":{"start":{"line":39,"column":0},"end":{"line":39,"column":3}},"39":{"start":{"line":40,"column":0},"end":{"line":40,"column":18}},"40":{"start":{"line":41,"column":0},"end":{"line":41,"column":21}},"41":{"start":{"line":42,"column":0},"end":{"line":42,"column":22}},"42":{"start":{"line":43,"column":0},"end":{"line":43,"column":23}},"43":{"start":{"line":44,"column":0},"end":{"line":44,"column":24}},"44":{"start":{"line":45,"column":0},"end":{"line":45,"column":22}},"45":{"start":{"line":46,"column":0},"end":{"line":46,"column":25}},"46":{"start":{"line":47,"column":0},"end":{"line":47,"column":23}},"47":{"start":{"line":48,"column":0},"end":{"line":48,"column":32}},"48":{"start":{"line":49,"column":0},"end":{"line":49,"column":53}},"49":{"start":{"line":50,"column":0},"end":{"line":50,"column":5}},"50":{"start":{"line":51,"column":0},"end":{"line":51,"column":5}},"51":{"start":{"line":52,"column":0},"end":{"line":52,"column":0}},"52":{"start":{"line":53,"column":0},"end":{"line":53,"column":54}},"53":{"start":{"line":54,"column":0},"end":{"line":54,"column":22}},"54":{"start":{"line":55,"column":0},"end":{"line":55,"column":72}},"55":{"start":{"line":56,"column":0},"end":{"line":56,"column":65}},"56":{"start":{"line":57,"column":0},"end":{"line":57,"column":0}},"57":{"start":{"line":58,"column":0},"end":{"line":58,"column":33}},"58":{"start":{"line":59,"column":0},"end":{"line":59,"column":18}},"59":{"start":{"line":60,"column":0},"end":{"line":60,"column":53}},"60":{"start":{"line":61,"column":0},"end":{"line":61,"column":105}},"61":{"start":{"line":62,"column":0},"end":{"line":62,"column":67}},"62":{"start":{"line":63,"column":0},"end":{"line":63,"column":9}},"63":{"start":{"line":64,"column":0},"end":{"line":64,"column":21}},"64":{"start":{"line":65,"column":0},"end":{"line":65,"column":7}},"65":{"start":{"line":66,"column":0},"end":{"line":66,"column":0}},"66":{"start":{"line":67,"column":0},"end":{"line":67,"column":93}},"67":{"start":{"line":68,"column":0},"end":{"line":68,"column":86}},"68":{"start":{"line":69,"column":0},"end":{"line":69,"column":0}},"69":{"start":{"line":70,"column":0},"end":{"line":70,"column":10}},"70":{"start":{"line":71,"column":0},"end":{"line":71,"column":38}},"71":{"start":{"line":72,"column":0},"end":{"line":72,"column":84}},"72":{"start":{"line":73,"column":0},"end":{"line":73,"column":75}},"73":{"start":{"line":74,"column":0},"end":{"line":74,"column":81}},"74":{"start":{"line":75,"column":0},"end":{"line":75,"column":24}},"75":{"start":{"line":76,"column":0},"end":{"line":76,"column":17}},"76":{"start":{"line":77,"column":0},"end":{"line":77,"column":99}},"77":{"start":{"line":78,"column":0},"end":{"line":78,"column":66}},"78":{"start":{"line":79,"column":0},"end":{"line":79,"column":65}},"79":{"start":{"line":80,"column":0},"end":{"line":80,"column":97}},"80":{"start":{"line":81,"column":0},"end":{"line":81,"column":63}},"81":{"start":{"line":82,"column":0},"end":{"line":82,"column":17}},"82":{"start":{"line":83,"column":0},"end":{"line":83,"column":64}},"83":{"start":{"line":84,"column":0},"end":{"line":84,"column":81}},"84":{"start":{"line":85,"column":0},"end":{"line":85,"column":15}},"85":{"start":{"line":86,"column":0},"end":{"line":86,"column":42}},"86":{"start":{"line":87,"column":0},"end":{"line":87,"column":52}},"87":{"start":{"line":88,"column":0},"end":{"line":88,"column":68}},"88":{"start":{"line":89,"column":0},"end":{"line":89,"column":21}},"89":{"start":{"line":90,"column":0},"end":{"line":90,"column":77}},"90":{"start":{"line":91,"column":0},"end":{"line":91,"column":36}},"91":{"start":{"line":92,"column":0},"end":{"line":92,"column":46}},"92":{"start":{"line":93,"column":0},"end":{"line":93,"column":75}},"93":{"start":{"line":94,"column":0},"end":{"line":94,"column":16}},"94":{"start":{"line":95,"column":0},"end":{"line":95,"column":71}},"95":{"start":{"line":96,"column":0},"end":{"line":96,"column":13}},"96":{"start":{"line":97,"column":0},"end":{"line":97,"column":18}},"97":{"start":{"line":98,"column":0},"end":{"line":98,"column":66}},"98":{"start":{"line":99,"column":0},"end":{"line":99,"column":71}},"99":{"start":{"line":100,"column":0},"end":{"line":100,"column":108}},"100":{"start":{"line":101,"column":0},"end":{"line":101,"column":60}},"101":{"start":{"line":102,"column":0},"end":{"line":102,"column":36}},"102":{"start":{"line":103,"column":0},"end":{"line":103,"column":46}},"103":{"start":{"line":104,"column":0},"end":{"line":104,"column":47}},"104":{"start":{"line":105,"column":0},"end":{"line":105,"column":16}},"105":{"start":{"line":106,"column":0},"end":{"line":106,"column":0}},"106":{"start":{"line":107,"column":0},"end":{"line":107,"column":60}},"107":{"start":{"line":108,"column":0},"end":{"line":108,"column":82}},"108":{"start":{"line":109,"column":0},"end":{"line":109,"column":59}},"109":{"start":{"line":110,"column":0},"end":{"line":110,"column":59}},"110":{"start":{"line":111,"column":0},"end":{"line":111,"column":62}},"111":{"start":{"line":112,"column":0},"end":{"line":112,"column":0}},"112":{"start":{"line":113,"column":0},"end":{"line":113,"column":73}},"113":{"start":{"line":114,"column":0},"end":{"line":114,"column":76}},"114":{"start":{"line":115,"column":0},"end":{"line":115,"column":15}},"115":{"start":{"line":116,"column":0},"end":{"line":116,"column":13}},"116":{"start":{"line":117,"column":0},"end":{"line":117,"column":11}},"117":{"start":{"line":118,"column":0},"end":{"line":118,"column":9}},"118":{"start":{"line":119,"column":0},"end":{"line":119,"column":31}},"119":{"start":{"line":120,"column":0},"end":{"line":120,"column":103}},"120":{"start":{"line":121,"column":0},"end":{"line":121,"column":95}},"121":{"start":{"line":122,"column":0},"end":{"line":122,"column":81}},"122":{"start":{"line":123,"column":0},"end":{"line":123,"column":62}},"123":{"start":{"line":124,"column":0},"end":{"line":124,"column":65}},"124":{"start":{"line":125,"column":0},"end":{"line":125,"column":23}},"125":{"start":{"line":126,"column":0},"end":{"line":126,"column":41}},"126":{"start":{"line":127,"column":0},"end":{"line":127,"column":12}},"127":{"start":{"line":128,"column":0},"end":{"line":128,"column":9}},"128":{"start":{"line":129,"column":0},"end":{"line":129,"column":32}},"129":{"start":{"line":130,"column":0},"end":{"line":130,"column":104}},"130":{"start":{"line":131,"column":0},"end":{"line":131,"column":95}},"131":{"start":{"line":132,"column":0},"end":{"line":132,"column":89}},"132":{"start":{"line":133,"column":0},"end":{"line":133,"column":81}},"133":{"start":{"line":134,"column":0},"end":{"line":134,"column":55}},"134":{"start":{"line":135,"column":0},"end":{"line":135,"column":34}},"135":{"start":{"line":136,"column":0},"end":{"line":136,"column":23}},"136":{"start":{"line":137,"column":0},"end":{"line":137,"column":13}},"137":{"start":{"line":138,"column":0},"end":{"line":138,"column":65}},"138":{"start":{"line":139,"column":0},"end":{"line":139,"column":24}},"139":{"start":{"line":140,"column":0},"end":{"line":140,"column":41}},"140":{"start":{"line":141,"column":0},"end":{"line":141,"column":12}},"141":{"start":{"line":142,"column":0},"end":{"line":142,"column":9}},"142":{"start":{"line":143,"column":0},"end":{"line":143,"column":85}},"143":{"start":{"line":144,"column":0},"end":{"line":144,"column":0}},"144":{"start":{"line":145,"column":0},"end":{"line":145,"column":28}},"145":{"start":{"line":146,"column":0},"end":{"line":146,"column":103}},"146":{"start":{"line":147,"column":0},"end":{"line":147,"column":65}},"147":{"start":{"line":148,"column":0},"end":{"line":148,"column":7}},"148":{"start":{"line":149,"column":0},"end":{"line":149,"column":0}},"149":{"start":{"line":150,"column":0},"end":{"line":150,"column":38}},"150":{"start":{"line":151,"column":0},"end":{"line":151,"column":70}},"151":{"start":{"line":152,"column":0},"end":{"line":152,"column":84}},"152":{"start":{"line":153,"column":0},"end":{"line":153,"column":91}},"153":{"start":{"line":154,"column":0},"end":{"line":154,"column":0}},"154":{"start":{"line":155,"column":0},"end":{"line":155,"column":95}},"155":{"start":{"line":156,"column":0},"end":{"line":156,"column":62}},"156":{"start":{"line":157,"column":0},"end":{"line":157,"column":32}},"157":{"start":{"line":158,"column":0},"end":{"line":158,"column":68}},"158":{"start":{"line":159,"column":0},"end":{"line":159,"column":59}},"159":{"start":{"line":160,"column":0},"end":{"line":160,"column":0}},"160":{"start":{"line":161,"column":0},"end":{"line":161,"column":51}},"161":{"start":{"line":162,"column":0},"end":{"line":162,"column":80}},"162":{"start":{"line":163,"column":0},"end":{"line":163,"column":13}},"163":{"start":{"line":164,"column":0},"end":{"line":164,"column":11}},"164":{"start":{"line":165,"column":0},"end":{"line":165,"column":11}},"165":{"start":{"line":166,"column":0},"end":{"line":166,"column":7}},"166":{"start":{"line":167,"column":0},"end":{"line":167,"column":0}},"167":{"start":{"line":168,"column":0},"end":{"line":168,"column":40}},"168":{"start":{"line":169,"column":0},"end":{"line":169,"column":17}},"169":{"start":{"line":170,"column":0},"end":{"line":170,"column":81}},"170":{"start":{"line":171,"column":0},"end":{"line":171,"column":48}},"171":{"start":{"line":172,"column":0},"end":{"line":172,"column":22}},"172":{"start":{"line":173,"column":0},"end":{"line":173,"column":0}},"173":{"start":{"line":174,"column":0},"end":{"line":174,"column":12}},"174":{"start":{"line":175,"column":0},"end":{"line":175,"column":60}},"175":{"start":{"line":176,"column":0},"end":{"line":176,"column":14}},"176":{"start":{"line":177,"column":0},"end":{"line":177,"column":64}},"177":{"start":{"line":178,"column":0},"end":{"line":178,"column":44}},"178":{"start":{"line":179,"column":0},"end":{"line":179,"column":13}},"179":{"start":{"line":180,"column":0},"end":{"line":180,"column":55}},"180":{"start":{"line":181,"column":0},"end":{"line":181,"column":11}},"181":{"start":{"line":182,"column":0},"end":{"line":182,"column":21}},"182":{"start":{"line":183,"column":0},"end":{"line":183,"column":40}},"183":{"start":{"line":184,"column":0},"end":{"line":184,"column":0}},"184":{"start":{"line":185,"column":0},"end":{"line":185,"column":88}},"185":{"start":{"line":186,"column":0},"end":{"line":186,"column":18}},"186":{"start":{"line":187,"column":0},"end":{"line":187,"column":0}},"187":{"start":{"line":188,"column":0},"end":{"line":188,"column":12}},"188":{"start":{"line":189,"column":0},"end":{"line":189,"column":45}},"189":{"start":{"line":190,"column":0},"end":{"line":190,"column":62}},"190":{"start":{"line":191,"column":0},"end":{"line":191,"column":67}},"191":{"start":{"line":192,"column":0},"end":{"line":192,"column":0}},"192":{"start":{"line":193,"column":0},"end":{"line":193,"column":32}},"193":{"start":{"line":194,"column":0},"end":{"line":194,"column":82}},"194":{"start":{"line":195,"column":0},"end":{"line":195,"column":0}},"195":{"start":{"line":196,"column":0},"end":{"line":196,"column":33}},"196":{"start":{"line":197,"column":0},"end":{"line":197,"column":42}},"197":{"start":{"line":198,"column":0},"end":{"line":198,"column":62}},"198":{"start":{"line":199,"column":0},"end":{"line":199,"column":13}},"199":{"start":{"line":200,"column":0},"end":{"line":200,"column":34}},"200":{"start":{"line":201,"column":0},"end":{"line":201,"column":49}},"201":{"start":{"line":202,"column":0},"end":{"line":202,"column":14}},"202":{"start":{"line":203,"column":0},"end":{"line":203,"column":11}},"203":{"start":{"line":204,"column":0},"end":{"line":204,"column":21}},"204":{"start":{"line":205,"column":0},"end":{"line":205,"column":46}},"205":{"start":{"line":206,"column":0},"end":{"line":206,"column":7}},"206":{"start":{"line":207,"column":0},"end":{"line":207,"column":0}},"207":{"start":{"line":208,"column":0},"end":{"line":208,"column":38}},"208":{"start":{"line":209,"column":0},"end":{"line":209,"column":17}},"209":{"start":{"line":210,"column":0},"end":{"line":210,"column":91}},"210":{"start":{"line":211,"column":0},"end":{"line":211,"column":47}},"211":{"start":{"line":212,"column":0},"end":{"line":212,"column":22}},"212":{"start":{"line":213,"column":0},"end":{"line":213,"column":0}},"213":{"start":{"line":214,"column":0},"end":{"line":214,"column":12}},"214":{"start":{"line":215,"column":0},"end":{"line":215,"column":67}},"215":{"start":{"line":216,"column":0},"end":{"line":216,"column":14}},"216":{"start":{"line":217,"column":0},"end":{"line":217,"column":63}},"217":{"start":{"line":218,"column":0},"end":{"line":218,"column":35}},"218":{"start":{"line":219,"column":0},"end":{"line":219,"column":13}},"219":{"start":{"line":220,"column":0},"end":{"line":220,"column":43}},"220":{"start":{"line":221,"column":0},"end":{"line":221,"column":51}},"221":{"start":{"line":222,"column":0},"end":{"line":222,"column":43}},"222":{"start":{"line":223,"column":0},"end":{"line":223,"column":14}},"223":{"start":{"line":224,"column":0},"end":{"line":224,"column":11}},"224":{"start":{"line":225,"column":0},"end":{"line":225,"column":21}},"225":{"start":{"line":226,"column":0},"end":{"line":226,"column":47}},"226":{"start":{"line":227,"column":0},"end":{"line":227,"column":0}},"227":{"start":{"line":228,"column":0},"end":{"line":228,"column":97}},"228":{"start":{"line":229,"column":0},"end":{"line":229,"column":18}},"229":{"start":{"line":230,"column":0},"end":{"line":230,"column":0}},"230":{"start":{"line":231,"column":0},"end":{"line":231,"column":12}},"231":{"start":{"line":232,"column":0},"end":{"line":232,"column":76}},"232":{"start":{"line":233,"column":0},"end":{"line":233,"column":14}},"233":{"start":{"line":234,"column":0},"end":{"line":234,"column":57}},"234":{"start":{"line":235,"column":0},"end":{"line":235,"column":39}},"235":{"start":{"line":236,"column":0},"end":{"line":236,"column":13}},"236":{"start":{"line":237,"column":0},"end":{"line":237,"column":73}},"237":{"start":{"line":238,"column":0},"end":{"line":238,"column":70}},"238":{"start":{"line":239,"column":0},"end":{"line":239,"column":51}},"239":{"start":{"line":240,"column":0},"end":{"line":240,"column":11}},"240":{"start":{"line":241,"column":0},"end":{"line":241,"column":21}},"241":{"start":{"line":242,"column":0},"end":{"line":242,"column":52}},"242":{"start":{"line":243,"column":0},"end":{"line":243,"column":7}},"243":{"start":{"line":244,"column":0},"end":{"line":244,"column":0}},"244":{"start":{"line":245,"column":0},"end":{"line":245,"column":19}},"245":{"start":{"line":246,"column":0},"end":{"line":246,"column":6}},"246":{"start":{"line":247,"column":0},"end":{"line":247,"column":5}},"247":{"start":{"line":248,"column":0},"end":{"line":248,"column":0}},"248":{"start":{"line":249,"column":0},"end":{"line":249,"column":110}},"249":{"start":{"line":250,"column":0},"end":{"line":250,"column":62}},"250":{"start":{"line":251,"column":0},"end":{"line":251,"column":22}},"251":{"start":{"line":252,"column":0},"end":{"line":252,"column":11}},"252":{"start":{"line":253,"column":0},"end":{"line":253,"column":56}},"253":{"start":{"line":254,"column":0},"end":{"line":254,"column":6}},"254":{"start":{"line":255,"column":0},"end":{"line":255,"column":11}},"255":{"start":{"line":256,"column":0},"end":{"line":256,"column":40}},"256":{"start":{"line":257,"column":0},"end":{"line":257,"column":6}},"257":{"start":{"line":258,"column":0},"end":{"line":258,"column":5}},"258":{"start":{"line":259,"column":0},"end":{"line":259,"column":0}},"259":{"start":{"line":260,"column":0},"end":{"line":260,"column":55}},"260":{"start":{"line":261,"column":0},"end":{"line":261,"column":22}},"261":{"start":{"line":262,"column":0},"end":{"line":262,"column":11}},"262":{"start":{"line":263,"column":0},"end":{"line":263,"column":56}},"263":{"start":{"line":264,"column":0},"end":{"line":264,"column":6}},"264":{"start":{"line":265,"column":0},"end":{"line":265,"column":11}},"265":{"start":{"line":266,"column":0},"end":{"line":266,"column":40}},"266":{"start":{"line":267,"column":0},"end":{"line":267,"column":6}},"267":{"start":{"line":268,"column":0},"end":{"line":268,"column":5}},"268":{"start":{"line":269,"column":0},"end":{"line":269,"column":1}},"269":{"start":{"line":270,"column":0},"end":{"line":270,"column":0}},"270":{"start":{"line":271,"column":0},"end":{"line":271,"column":3}},"271":{"start":{"line":272,"column":0},"end":{"line":272,"column":46}},"272":{"start":{"line":273,"column":0},"end":{"line":273,"column":3}},"273":{"start":{"line":274,"column":0},"end":{"line":274,"column":46}},"274":{"start":{"line":275,"column":0},"end":{"line":275,"column":30}},"275":{"start":{"line":276,"column":0},"end":{"line":276,"column":53}},"276":{"start":{"line":277,"column":0},"end":{"line":277,"column":11}},"277":{"start":{"line":278,"column":0},"end":{"line":278,"column":3}},"278":{"start":{"line":279,"column":0},"end":{"line":279,"column":0}},"279":{"start":{"line":280,"column":0},"end":{"line":280,"column":28}},"280":{"start":{"line":281,"column":0},"end":{"line":281,"column":76}},"281":{"start":{"line":282,"column":0},"end":{"line":282,"column":3}},"282":{"start":{"line":283,"column":0},"end":{"line":283,"column":0}},"283":{"start":{"line":284,"column":0},"end":{"line":284,"column":51}},"284":{"start":{"line":285,"column":0},"end":{"line":285,"column":44}},"285":{"start":{"line":286,"column":0},"end":{"line":286,"column":1}},"286":{"start":{"line":287,"column":0},"end":{"line":287,"column":0}},"287":{"start":{"line":288,"column":0},"end":{"line":288,"column":3}},"288":{"start":{"line":289,"column":0},"end":{"line":289,"column":39}},"289":{"start":{"line":290,"column":0},"end":{"line":290,"column":3}},"290":{"start":{"line":291,"column":0},"end":{"line":291,"column":47}},"291":{"start":{"line":292,"column":0},"end":{"line":292,"column":40}},"292":{"start":{"line":293,"column":0},"end":{"line":293,"column":1}}},"s":{"0":1,"1":1,"2":1,"3":1,"4":1,"5":1,"6":1,"7":1,"8":1,"9":1,"10":1,"11":1,"12":1,"13":1,"14":1,"15":1,"16":1,"17":1,"18":1,"19":1,"20":1,"21":1,"22":1,"23":1,"24":1,"25":1,"26":1,"27":1,"28":1,"29":1,"30":1,"31":1,"32":34,"33":1,"34":1,"35":1,"36":33,"37":33,"38":33,"39":33,"40":33,"41":33,"42":33,"43":33,"44":33,"45":33,"46":33,"47":198,"48":198,"49":198,"50":33,"51":33,"52":33,"53":33,"54":33,"55":52,"56":52,"57":52,"58":52,"59":5,"60":5,"61":4,"62":4,"63":5,"64":5,"65":47,"66":47,"67":47,"68":47,"69":52,"70":134,"71":134,"72":103,"73":103,"74":103,"75":3,"76":3,"77":3,"78":3,"79":3,"80":0,"81":3,"82":3,"83":1,"84":1,"85":3,"86":3,"87":3,"88":3,"89":3,"90":3,"91":3,"92":3,"93":3,"94":3,"95":3,"96":103,"97":100,"98":100,"99":100,"100":98,"101":98,"102":98,"103":98,"104":98,"105":98,"106":98,"107":98,"108":98,"109":98,"110":98,"111":98,"112":98,"113":0,"114":0,"115":98,"116":100,"117":103,"118":31,"119":31,"120":0,"121":0,"122":0,"123":0,"124":0,"125":0,"126":0,"127":0,"128":31,"129":31,"130":0,"131":0,"132":0,"133":0,"134":0,"135":0,"136":0,"137":0,"138":0,"139":0,"140":0,"141":0,"142":52,"143":52,"144":52,"145":52,"146":36,"147":36,"148":47,"149":47,"150":52,"151":35,"152":35,"153":35,"154":35,"155":0,"156":0,"157":0,"158":0,"159":0,"160":0,"161":0,"162":0,"163":0,"164":35,"165":35,"166":47,"167":47,"168":47,"169":47,"170":47,"171":47,"172":47,"173":47,"174":57,"175":57,"176":57,"177":0,"178":57,"179":0,"180":0,"181":57,"182":47,"183":47,"184":47,"185":47,"186":47,"187":47,"188":56,"189":0,"190":0,"191":0,"192":0,"193":0,"194":0,"195":0,"196":0,"197":0,"198":0,"199":0,"200":0,"201":0,"202":0,"203":56,"204":47,"205":47,"206":47,"207":47,"208":47,"209":47,"210":47,"211":47,"212":47,"213":47,"214":49,"215":49,"216":49,"217":0,"218":49,"219":0,"220":0,"221":0,"222":0,"223":0,"224":49,"225":47,"226":47,"227":47,"228":47,"229":47,"230":47,"231":49,"232":49,"233":49,"234":0,"235":49,"236":0,"237":0,"238":0,"239":0,"240":49,"241":47,"242":47,"243":47,"244":47,"245":52,"246":33,"247":33,"248":33,"249":33,"250":33,"251":33,"252":5,"253":5,"254":33,"255":1,"256":1,"257":33,"258":33,"259":33,"260":33,"261":33,"262":0,"263":0,"264":33,"265":0,"266":0,"267":33,"268":33,"269":1,"270":1,"271":1,"272":1,"273":1,"274":34,"275":1,"276":1,"277":1,"278":33,"279":33,"280":33,"281":33,"282":33,"283":33,"284":33,"285":33,"286":1,"287":1,"288":1,"289":1,"290":1,"291":72,"292":72},"branchMap":{"0":{"type":"branch","line":32,"loc":{"start":{"line":32,"column":7},"end":{"line":269,"column":1}},"locations":[{"start":{"line":32,"column":7},"end":{"line":269,"column":1}}]},"1":{"type":"branch","line":33,"loc":{"start":{"line":33,"column":28},"end":{"line":36,"column":3}},"locations":[{"start":{"line":33,"column":28},"end":{"line":36,"column":3}}]},"2":{"type":"branch","line":36,"loc":{"start":{"line":36,"column":2},"end":{"line":269,"column":1}},"locations":[{"start":{"line":36,"column":2},"end":{"line":269,"column":1}}]},"3":{"type":"branch","line":47,"loc":{"start":{"line":47,"column":12},"end":{"line":51,"column":3}},"locations":[{"start":{"line":47,"column":12},"end":{"line":51,"column":3}}]},"4":{"type":"branch","line":55,"loc":{"start":{"line":55,"column":11},"end":{"line":246,"column":6}},"locations":[{"start":{"line":55,"column":11},"end":{"line":246,"column":6}}]},"5":{"type":"branch","line":59,"loc":{"start":{"line":59,"column":17},"end":{"line":65,"column":7}},"locations":[{"start":{"line":59,"column":17},"end":{"line":65,"column":7}}]},"6":{"type":"branch","line":61,"loc":{"start":{"line":61,"column":28},"end":{"line":61,"column":79}},"locations":[{"start":{"line":61,"column":28},"end":{"line":61,"column":79}}]},"7":{"type":"branch","line":61,"loc":{"start":{"line":61,"column":59},"end":{"line":61,"column":104}},"locations":[{"start":{"line":61,"column":59},"end":{"line":61,"column":104}}]},"8":{"type":"branch","line":61,"loc":{"start":{"line":61,"column":104},"end":{"line":63,"column":9}},"locations":[{"start":{"line":61,"column":104},"end":{"line":63,"column":9}}]},"9":{"type":"branch","line":65,"loc":{"start":{"line":65,"column":6},"end":{"line":70,"column":9}},"locations":[{"start":{"line":65,"column":6},"end":{"line":70,"column":9}}]},"10":{"type":"branch","line":70,"loc":{"start":{"line":70,"column":9},"end":{"line":143,"column":15}},"locations":[{"start":{"line":70,"column":9},"end":{"line":143,"column":15}}]},"11":{"type":"branch","line":72,"loc":{"start":{"line":72,"column":83},"end":{"line":118,"column":9}},"locations":[{"start":{"line":72,"column":83},"end":{"line":118,"column":9}}]},"12":{"type":"branch","line":75,"loc":{"start":{"line":75,"column":23},"end":{"line":97,"column":17}},"locations":[{"start":{"line":75,"column":23},"end":{"line":97,"column":17}}]},"13":{"type":"branch","line":83,"loc":{"start":{"line":83,"column":63},"end":{"line":85,"column":15}},"locations":[{"start":{"line":83,"column":63},"end":{"line":85,"column":15}}]},"14":{"type":"branch","line":97,"loc":{"start":{"line":97,"column":10},"end":{"line":117,"column":11}},"locations":[{"start":{"line":97,"column":10},"end":{"line":117,"column":11}}]},"15":{"type":"branch","line":100,"loc":{"start":{"line":100,"column":37},"end":{"line":100,"column":107}},"locations":[{"start":{"line":100,"column":37},"end":{"line":100,"column":107}}]},"16":{"type":"branch","line":100,"loc":{"start":{"line":100,"column":107},"end":{"line":116,"column":13}},"locations":[{"start":{"line":100,"column":107},"end":{"line":116,"column":13}}]},"17":{"type":"branch","line":113,"loc":{"start":{"line":113,"column":72},"end":{"line":115,"column":15}},"locations":[{"start":{"line":113,"column":72},"end":{"line":115,"column":15}}]},"18":{"type":"branch","line":118,"loc":{"start":{"line":118,"column":8},"end":{"line":142,"column":9}},"locations":[{"start":{"line":118,"column":8},"end":{"line":142,"column":9}}]},"19":{"type":"branch","line":120,"loc":{"start":{"line":120,"column":102},"end":{"line":128,"column":9}},"locations":[{"start":{"line":120,"column":102},"end":{"line":128,"column":9}}]},"20":{"type":"branch","line":130,"loc":{"start":{"line":130,"column":103},"end":{"line":142,"column":9}},"locations":[{"start":{"line":130,"column":103},"end":{"line":142,"column":9}}]},"21":{"type":"branch","line":143,"loc":{"start":{"line":143,"column":6},"end":{"line":143,"column":47}},"locations":[{"start":{"line":143,"column":6},"end":{"line":143,"column":47}}]},"22":{"type":"branch","line":143,"loc":{"start":{"line":143,"column":42},"end":{"line":143,"column":85}},"locations":[{"start":{"line":143,"column":42},"end":{"line":143,"column":85}}]},"23":{"type":"branch","line":146,"loc":{"start":{"line":146,"column":26},"end":{"line":146,"column":77}},"locations":[{"start":{"line":146,"column":26},"end":{"line":146,"column":77}}]},"24":{"type":"branch","line":146,"loc":{"start":{"line":146,"column":57},"end":{"line":146,"column":102}},"locations":[{"start":{"line":146,"column":57},"end":{"line":146,"column":102}}]},"25":{"type":"branch","line":146,"loc":{"start":{"line":146,"column":102},"end":{"line":148,"column":7}},"locations":[{"start":{"line":146,"column":102},"end":{"line":148,"column":7}}]},"26":{"type":"branch","line":148,"loc":{"start":{"line":148,"column":6},"end":{"line":151,"column":40}},"locations":[{"start":{"line":148,"column":6},"end":{"line":151,"column":40}}]},"27":{"type":"branch","line":151,"loc":{"start":{"line":151,"column":32},"end":{"line":151,"column":69}},"locations":[{"start":{"line":151,"column":32},"end":{"line":151,"column":69}}]},"28":{"type":"branch","line":151,"loc":{"start":{"line":151,"column":69},"end":{"line":166,"column":7}},"locations":[{"start":{"line":151,"column":69},"end":{"line":166,"column":7}}]},"29":{"type":"branch","line":166,"loc":{"start":{"line":166,"column":6},"end":{"line":245,"column":19}},"locations":[{"start":{"line":166,"column":6},"end":{"line":245,"column":19}}]},"30":{"type":"branch","line":174,"loc":{"start":{"line":174,"column":11},"end":{"line":183,"column":17}},"locations":[{"start":{"line":174,"column":11},"end":{"line":183,"column":17}}]},"31":{"type":"branch","line":177,"loc":{"start":{"line":177,"column":45},"end":{"line":178,"column":44}},"locations":[{"start":{"line":177,"column":45},"end":{"line":178,"column":44}}]},"32":{"type":"branch","line":179,"loc":{"start":{"line":179,"column":12},"end":{"line":181,"column":11}},"locations":[{"start":{"line":179,"column":12},"end":{"line":181,"column":11}}]},"33":{"type":"branch","line":188,"loc":{"start":{"line":188,"column":11},"end":{"line":205,"column":17}},"locations":[{"start":{"line":188,"column":11},"end":{"line":205,"column":17}}]},"34":{"type":"branch","line":189,"loc":{"start":{"line":189,"column":44},"end":{"line":203,"column":11}},"locations":[{"start":{"line":189,"column":44},"end":{"line":203,"column":11}}]},"35":{"type":"branch","line":214,"loc":{"start":{"line":214,"column":11},"end":{"line":226,"column":17}},"locations":[{"start":{"line":214,"column":11},"end":{"line":226,"column":17}}]},"36":{"type":"branch","line":217,"loc":{"start":{"line":217,"column":45},"end":{"line":218,"column":35}},"locations":[{"start":{"line":217,"column":45},"end":{"line":218,"column":35}}]},"37":{"type":"branch","line":219,"loc":{"start":{"line":219,"column":12},"end":{"line":224,"column":11}},"locations":[{"start":{"line":219,"column":12},"end":{"line":224,"column":11}}]},"38":{"type":"branch","line":231,"loc":{"start":{"line":231,"column":11},"end":{"line":242,"column":17}},"locations":[{"start":{"line":231,"column":11},"end":{"line":242,"column":17}}]},"39":{"type":"branch","line":234,"loc":{"start":{"line":234,"column":40},"end":{"line":235,"column":39}},"locations":[{"start":{"line":234,"column":40},"end":{"line":235,"column":39}}]},"40":{"type":"branch","line":236,"loc":{"start":{"line":236,"column":12},"end":{"line":240,"column":11}},"locations":[{"start":{"line":236,"column":12},"end":{"line":240,"column":11}}]},"41":{"type":"branch","line":252,"loc":{"start":{"line":252,"column":4},"end":{"line":254,"column":6}},"locations":[{"start":{"line":252,"column":4},"end":{"line":254,"column":6}}]},"42":{"type":"branch","line":255,"loc":{"start":{"line":255,"column":4},"end":{"line":257,"column":6}},"locations":[{"start":{"line":255,"column":4},"end":{"line":257,"column":6}}]},"43":{"type":"branch","line":274,"loc":{"start":{"line":274,"column":7},"end":{"line":286,"column":1}},"locations":[{"start":{"line":274,"column":7},"end":{"line":286,"column":1}}]},"44":{"type":"branch","line":275,"loc":{"start":{"line":275,"column":29},"end":{"line":278,"column":3}},"locations":[{"start":{"line":275,"column":29},"end":{"line":278,"column":3}}]},"45":{"type":"branch","line":278,"loc":{"start":{"line":278,"column":2},"end":{"line":286,"column":1}},"locations":[{"start":{"line":278,"column":2},"end":{"line":286,"column":1}}]},"46":{"type":"branch","line":291,"loc":{"start":{"line":291,"column":7},"end":{"line":293,"column":1}},"locations":[{"start":{"line":291,"column":7},"end":{"line":293,"column":1}}]}},"b":{"0":[34],"1":[1],"2":[33],"3":[198],"4":[52],"5":[5],"6":[1],"7":[1],"8":[4],"9":[47],"10":[134],"11":[103],"12":[3],"13":[1],"14":[100],"15":[98],"16":[98],"17":[0],"18":[31],"19":[0],"20":[0],"21":[47],"22":[87],"23":[13],"24":[13],"25":[36],"26":[47],"27":[35],"28":[35],"29":[47],"30":[57],"31":[0],"32":[0],"33":[56],"34":[0],"35":[49],"36":[0],"37":[0],"38":[49],"39":[0],"40":[0],"41":[5],"42":[1],"43":[34],"44":[1],"45":[33],"46":[72]},"fnMap":{"0":{"name":"applyCloneNodePatch","decl":{"start":{"line":32,"column":7},"end":{"line":269,"column":1}},"loc":{"start":{"line":32,"column":7},"end":{"line":269,"column":1}},"line":32},"1":{"name":"cloneNode","decl":{"start":{"line":55,"column":11},"end":{"line":246,"column":6}},"loc":{"start":{"line":55,"column":11},"end":{"line":246,"column":6}},"line":55},"2":{"name":"get","decl":{"start":{"line":252,"column":4},"end":{"line":254,"column":6}},"loc":{"start":{"line":252,"column":4},"end":{"line":254,"column":6}},"line":252},"3":{"name":"set","decl":{"start":{"line":255,"column":4},"end":{"line":257,"column":6}},"loc":{"start":{"line":255,"column":4},"end":{"line":257,"column":6}},"line":255},"4":{"name":"get","decl":{"start":{"line":262,"column":4},"end":{"line":264,"column":6}},"loc":{"start":{"line":262,"column":4},"end":{"line":264,"column":6}},"line":262},"5":{"name":"set","decl":{"start":{"line":265,"column":4},"end":{"line":267,"column":6}},"loc":{"start":{"line":265,"column":4},"end":{"line":267,"column":6}},"line":265},"6":{"name":"removeCloneNodePatch","decl":{"start":{"line":274,"column":7},"end":{"line":286,"column":1}},"loc":{"start":{"line":274,"column":7},"end":{"line":286,"column":1}},"line":274},"7":{"name":"isCloneNodePatched","decl":{"start":{"line":291,"column":7},"end":{"line":293,"column":1}},"loc":{"start":{"line":291,"column":7},"end":{"line":293,"column":1}},"line":291}},"f":{"0":34,"1":52,"2":5,"3":1,"4":0,"5":0,"6":34,"7":72}}
,"/Users/nicolasgilbert/workspace/webeverything/plugs/webcontexts/CustomContext.ts": {"path":"/Users/nicolasgilbert/workspace/webeverything/plugs/webcontexts/CustomContext.ts","all":false,"statementMap":{"0":{"start":{"line":1,"column":0},"end":{"line":1,"column":3}},"1":{"start":{"line":2,"column":0},"end":{"line":2,"column":25}},"2":{"start":{"line":3,"column":0},"end":{"line":3,"column":77}},"3":{"start":{"line":4,"column":0},"end":{"line":4,"column":75}},"4":{"start":{"line":5,"column":0},"end":{"line":5,"column":3}},"5":{"start":{"line":6,"column":0},"end":{"line":6,"column":0}},"6":{"start":{"line":7,"column":0},"end":{"line":7,"column":56}},"7":{"start":{"line":8,"column":0},"end":{"line":8,"column":56}},"8":{"start":{"line":9,"column":0},"end":{"line":9,"column":57}},"9":{"start":{"line":10,"column":0},"end":{"line":10,"column":89}},"10":{"start":{"line":11,"column":0},"end":{"line":11,"column":53}},"11":{"start":{"line":12,"column":0},"end":{"line":12,"column":0}},"12":{"start":{"line":13,"column":0},"end":{"line":13,"column":3}},"13":{"start":{"line":14,"column":0},"end":{"line":14,"column":72}},"14":{"start":{"line":15,"column":0},"end":{"line":15,"column":3}},"15":{"start":{"line":16,"column":0},"end":{"line":16,"column":28}},"16":{"start":{"line":17,"column":0},"end":{"line":17,"column":12}},"17":{"start":{"line":18,"column":0},"end":{"line":18,"column":19}},"18":{"start":{"line":19,"column":0},"end":{"line":19,"column":0}},"19":{"start":{"line":20,"column":0},"end":{"line":20,"column":33}},"20":{"start":{"line":21,"column":0},"end":{"line":21,"column":33}},"21":{"start":{"line":22,"column":0},"end":{"line":22,"column":3}},"22":{"start":{"line":23,"column":0},"end":{"line":23,"column":0}},"23":{"start":{"line":24,"column":0},"end":{"line":24,"column":21}},"24":{"start":{"line":25,"column":0},"end":{"line":25,"column":23}},"25":{"start":{"line":26,"column":0},"end":{"line":26,"column":3}},"26":{"start":{"line":27,"column":0},"end":{"line":27,"column":1}},"27":{"start":{"line":28,"column":0},"end":{"line":28,"column":0}},"28":{"start":{"line":29,"column":0},"end":{"line":29,"column":3}},"29":{"start":{"line":30,"column":0},"end":{"line":30,"column":75}},"30":{"start":{"line":31,"column":0},"end":{"line":31,"column":3}},"31":{"start":{"line":32,"column":0},"end":{"line":32,"column":45}},"32":{"start":{"line":33,"column":0},"end":{"line":33,"column":27}},"33":{"start":{"line":34,"column":0},"end":{"line":34,"column":20}},"34":{"start":{"line":35,"column":0},"end":{"line":35,"column":29}},"35":{"start":{"line":36,"column":0},"end":{"line":36,"column":11}},"36":{"start":{"line":37,"column":0},"end":{"line":37,"column":1}},"37":{"start":{"line":38,"column":0},"end":{"line":38,"column":0}},"38":{"start":{"line":39,"column":0},"end":{"line":39,"column":3}},"39":{"start":{"line":40,"column":0},"end":{"line":40,"column":55}},"40":{"start":{"line":41,"column":0},"end":{"line":41,"column":3}},"41":{"start":{"line":42,"column":0},"end":{"line":42,"column":117}},"42":{"start":{"line":43,"column":0},"end":{"line":43,"column":62}},"43":{"start":{"line":44,"column":0},"end":{"line":44,"column":2}},"44":{"start":{"line":45,"column":0},"end":{"line":45,"column":0}},"45":{"start":{"line":46,"column":0},"end":{"line":46,"column":3}},"46":{"start":{"line":47,"column":0},"end":{"line":47,"column":39}},"47":{"start":{"line":48,"column":0},"end":{"line":48,"column":3}},"48":{"start":{"line":49,"column":0},"end":{"line":49,"column":43}},"49":{"start":{"line":50,"column":0},"end":{"line":50,"column":17}},"50":{"start":{"line":51,"column":0},"end":{"line":51,"column":1}},"51":{"start":{"line":52,"column":0},"end":{"line":52,"column":0}},"52":{"start":{"line":53,"column":0},"end":{"line":53,"column":3}},"53":{"start":{"line":54,"column":0},"end":{"line":54,"column":81}},"54":{"start":{"line":55,"column":0},"end":{"line":55,"column":3}},"55":{"start":{"line":56,"column":0},"end":{"line":56,"column":16}},"56":{"start":{"line":57,"column":0},"end":{"line":57,"column":44}},"57":{"start":{"line":58,"column":0},"end":{"line":58,"column":34}},"58":{"start":{"line":59,"column":0},"end":{"line":59,"column":31}},"59":{"start":{"line":60,"column":0},"end":{"line":60,"column":41}},"60":{"start":{"line":61,"column":0},"end":{"line":61,"column":42}},"61":{"start":{"line":62,"column":0},"end":{"line":62,"column":3}},"62":{"start":{"line":63,"column":0},"end":{"line":63,"column":44}},"63":{"start":{"line":64,"column":0},"end":{"line":64,"column":44}},"64":{"start":{"line":65,"column":0},"end":{"line":65,"column":53}},"65":{"start":{"line":66,"column":0},"end":{"line":66,"column":57}},"66":{"start":{"line":67,"column":0},"end":{"line":67,"column":41}},"67":{"start":{"line":68,"column":0},"end":{"line":68,"column":39}},"68":{"start":{"line":69,"column":0},"end":{"line":69,"column":0}},"69":{"start":{"line":70,"column":0},"end":{"line":70,"column":42}},"70":{"start":{"line":71,"column":0},"end":{"line":71,"column":49}},"71":{"start":{"line":72,"column":0},"end":{"line":72,"column":24}},"72":{"start":{"line":73,"column":0},"end":{"line":73,"column":80}},"73":{"start":{"line":74,"column":0},"end":{"line":74,"column":66}},"74":{"start":{"line":75,"column":0},"end":{"line":75,"column":0}},"75":{"start":{"line":76,"column":0},"end":{"line":76,"column":39}},"76":{"start":{"line":77,"column":0},"end":{"line":77,"column":0}},"77":{"start":{"line":78,"column":0},"end":{"line":78,"column":30}},"78":{"start":{"line":79,"column":0},"end":{"line":79,"column":0}},"79":{"start":{"line":80,"column":0},"end":{"line":80,"column":44}},"80":{"start":{"line":81,"column":0},"end":{"line":81,"column":31}},"81":{"start":{"line":82,"column":0},"end":{"line":82,"column":0}},"82":{"start":{"line":83,"column":0},"end":{"line":83,"column":66}},"83":{"start":{"line":84,"column":0},"end":{"line":84,"column":0}},"84":{"start":{"line":85,"column":0},"end":{"line":85,"column":36}},"85":{"start":{"line":86,"column":0},"end":{"line":86,"column":36}},"86":{"start":{"line":87,"column":0},"end":{"line":87,"column":6}},"87":{"start":{"line":88,"column":0},"end":{"line":88,"column":3}},"88":{"start":{"line":89,"column":0},"end":{"line":89,"column":0}},"89":{"start":{"line":90,"column":0},"end":{"line":90,"column":29}},"90":{"start":{"line":91,"column":0},"end":{"line":91,"column":98}},"91":{"start":{"line":92,"column":0},"end":{"line":92,"column":3}},"92":{"start":{"line":93,"column":0},"end":{"line":93,"column":0}},"93":{"start":{"line":94,"column":0},"end":{"line":94,"column":37}},"94":{"start":{"line":95,"column":0},"end":{"line":95,"column":27}},"95":{"start":{"line":96,"column":0},"end":{"line":96,"column":0}},"96":{"start":{"line":97,"column":0},"end":{"line":97,"column":22}},"97":{"start":{"line":98,"column":0},"end":{"line":98,"column":35}},"98":{"start":{"line":99,"column":0},"end":{"line":99,"column":5}},"99":{"start":{"line":100,"column":0},"end":{"line":100,"column":0}},"100":{"start":{"line":101,"column":0},"end":{"line":101,"column":42}},"101":{"start":{"line":102,"column":0},"end":{"line":102,"column":36}},"102":{"start":{"line":103,"column":0},"end":{"line":103,"column":32}},"103":{"start":{"line":104,"column":0},"end":{"line":104,"column":18}},"104":{"start":{"line":105,"column":0},"end":{"line":105,"column":31}},"105":{"start":{"line":106,"column":0},"end":{"line":106,"column":76}},"106":{"start":{"line":107,"column":0},"end":{"line":107,"column":50}},"107":{"start":{"line":108,"column":0},"end":{"line":108,"column":16}},"108":{"start":{"line":109,"column":0},"end":{"line":109,"column":34}},"109":{"start":{"line":110,"column":0},"end":{"line":110,"column":9}},"110":{"start":{"line":111,"column":0},"end":{"line":111,"column":14}},"111":{"start":{"line":112,"column":0},"end":{"line":112,"column":34}},"112":{"start":{"line":113,"column":0},"end":{"line":113,"column":7}},"113":{"start":{"line":114,"column":0},"end":{"line":114,"column":7}},"114":{"start":{"line":115,"column":0},"end":{"line":115,"column":3}},"115":{"start":{"line":116,"column":0},"end":{"line":116,"column":0}},"116":{"start":{"line":117,"column":0},"end":{"line":117,"column":48}},"117":{"start":{"line":118,"column":0},"end":{"line":118,"column":24}},"118":{"start":{"line":119,"column":0},"end":{"line":119,"column":3}},"119":{"start":{"line":120,"column":0},"end":{"line":120,"column":0}},"120":{"start":{"line":121,"column":0},"end":{"line":121,"column":5}},"121":{"start":{"line":122,"column":0},"end":{"line":122,"column":62}},"122":{"start":{"line":123,"column":0},"end":{"line":123,"column":5}},"123":{"start":{"line":124,"column":0},"end":{"line":124,"column":27}},"124":{"start":{"line":125,"column":0},"end":{"line":125,"column":22}},"125":{"start":{"line":126,"column":0},"end":{"line":126,"column":108}},"126":{"start":{"line":127,"column":0},"end":{"line":127,"column":62}},"127":{"start":{"line":128,"column":0},"end":{"line":128,"column":20}},"128":{"start":{"line":129,"column":0},"end":{"line":129,"column":29}},"129":{"start":{"line":130,"column":0},"end":{"line":130,"column":19}},"130":{"start":{"line":131,"column":0},"end":{"line":131,"column":8}},"131":{"start":{"line":132,"column":0},"end":{"line":132,"column":0}},"132":{"start":{"line":133,"column":0},"end":{"line":133,"column":22}},"133":{"start":{"line":134,"column":0},"end":{"line":134,"column":45}},"134":{"start":{"line":135,"column":0},"end":{"line":135,"column":7}},"135":{"start":{"line":136,"column":0},"end":{"line":136,"column":5}},"136":{"start":{"line":137,"column":0},"end":{"line":137,"column":0}},"137":{"start":{"line":138,"column":0},"end":{"line":138,"column":30}},"138":{"start":{"line":139,"column":0},"end":{"line":139,"column":3}},"139":{"start":{"line":140,"column":0},"end":{"line":140,"column":0}},"140":{"start":{"line":141,"column":0},"end":{"line":141,"column":5}},"141":{"start":{"line":142,"column":0},"end":{"line":142,"column":39}},"142":{"start":{"line":143,"column":0},"end":{"line":143,"column":5}},"143":{"start":{"line":144,"column":0},"end":{"line":144,"column":48}},"144":{"start":{"line":145,"column":0},"end":{"line":145,"column":22}},"145":{"start":{"line":146,"column":0},"end":{"line":146,"column":38}},"146":{"start":{"line":147,"column":0},"end":{"line":147,"column":5}},"147":{"start":{"line":148,"column":0},"end":{"line":148,"column":0}},"148":{"start":{"line":149,"column":0},"end":{"line":149,"column":27}},"149":{"start":{"line":150,"column":0},"end":{"line":150,"column":3}},"150":{"start":{"line":151,"column":0},"end":{"line":151,"column":0}},"151":{"start":{"line":152,"column":0},"end":{"line":152,"column":5}},"152":{"start":{"line":153,"column":0},"end":{"line":153,"column":56}},"153":{"start":{"line":154,"column":0},"end":{"line":154,"column":5}},"154":{"start":{"line":155,"column":0},"end":{"line":155,"column":49}},"155":{"start":{"line":156,"column":0},"end":{"line":156,"column":22}},"156":{"start":{"line":157,"column":0},"end":{"line":157,"column":38}},"157":{"start":{"line":158,"column":0},"end":{"line":158,"column":12}},"158":{"start":{"line":159,"column":0},"end":{"line":159,"column":30}},"159":{"start":{"line":160,"column":0},"end":{"line":160,"column":5}},"160":{"start":{"line":161,"column":0},"end":{"line":161,"column":0}},"161":{"start":{"line":162,"column":0},"end":{"line":162,"column":64}},"162":{"start":{"line":163,"column":0},"end":{"line":163,"column":0}},"163":{"start":{"line":164,"column":0},"end":{"line":164,"column":61}},"164":{"start":{"line":165,"column":0},"end":{"line":165,"column":36}},"165":{"start":{"line":166,"column":0},"end":{"line":166,"column":32}},"166":{"start":{"line":167,"column":0},"end":{"line":167,"column":18}},"167":{"start":{"line":168,"column":0},"end":{"line":168,"column":31}},"168":{"start":{"line":169,"column":0},"end":{"line":169,"column":76}},"169":{"start":{"line":170,"column":0},"end":{"line":170,"column":76}},"170":{"start":{"line":171,"column":0},"end":{"line":171,"column":43}},"171":{"start":{"line":172,"column":0},"end":{"line":172,"column":49}},"172":{"start":{"line":173,"column":0},"end":{"line":173,"column":11}},"173":{"start":{"line":174,"column":0},"end":{"line":174,"column":16}},"174":{"start":{"line":175,"column":0},"end":{"line":175,"column":61}},"175":{"start":{"line":176,"column":0},"end":{"line":176,"column":31}},"176":{"start":{"line":177,"column":0},"end":{"line":177,"column":9}},"177":{"start":{"line":178,"column":0},"end":{"line":178,"column":14}},"178":{"start":{"line":179,"column":0},"end":{"line":179,"column":34}},"179":{"start":{"line":180,"column":0},"end":{"line":180,"column":7}},"180":{"start":{"line":181,"column":0},"end":{"line":181,"column":7}},"181":{"start":{"line":182,"column":0},"end":{"line":182,"column":3}},"182":{"start":{"line":183,"column":0},"end":{"line":183,"column":0}},"183":{"start":{"line":184,"column":0},"end":{"line":184,"column":5}},"184":{"start":{"line":185,"column":0},"end":{"line":185,"column":47}},"185":{"start":{"line":186,"column":0},"end":{"line":186,"column":5}},"186":{"start":{"line":187,"column":0},"end":{"line":187,"column":26}},"187":{"start":{"line":188,"column":0},"end":{"line":188,"column":34}},"188":{"start":{"line":189,"column":0},"end":{"line":189,"column":3}},"189":{"start":{"line":190,"column":0},"end":{"line":190,"column":0}},"190":{"start":{"line":191,"column":0},"end":{"line":191,"column":5}},"191":{"start":{"line":192,"column":0},"end":{"line":192,"column":38}},"192":{"start":{"line":193,"column":0},"end":{"line":193,"column":5}},"193":{"start":{"line":194,"column":0},"end":{"line":194,"column":48}},"194":{"start":{"line":195,"column":0},"end":{"line":195,"column":22}},"195":{"start":{"line":196,"column":0},"end":{"line":196,"column":53}},"196":{"start":{"line":197,"column":0},"end":{"line":197,"column":5}},"197":{"start":{"line":198,"column":0},"end":{"line":198,"column":0}},"198":{"start":{"line":199,"column":0},"end":{"line":199,"column":44}},"199":{"start":{"line":200,"column":0},"end":{"line":200,"column":3}},"200":{"start":{"line":201,"column":0},"end":{"line":201,"column":0}},"201":{"start":{"line":202,"column":0},"end":{"line":202,"column":5}},"202":{"start":{"line":203,"column":0},"end":{"line":203,"column":48}},"203":{"start":{"line":204,"column":0},"end":{"line":204,"column":5}},"204":{"start":{"line":205,"column":0},"end":{"line":205,"column":22}},"205":{"start":{"line":206,"column":0},"end":{"line":206,"column":22}},"206":{"start":{"line":207,"column":0},"end":{"line":207,"column":51}},"207":{"start":{"line":208,"column":0},"end":{"line":208,"column":5}},"208":{"start":{"line":209,"column":0},"end":{"line":209,"column":0}},"209":{"start":{"line":210,"column":0},"end":{"line":210,"column":42}},"210":{"start":{"line":211,"column":0},"end":{"line":211,"column":3}},"211":{"start":{"line":212,"column":0},"end":{"line":212,"column":0}},"212":{"start":{"line":213,"column":0},"end":{"line":213,"column":5}},"213":{"start":{"line":214,"column":0},"end":{"line":214,"column":40}},"214":{"start":{"line":215,"column":0},"end":{"line":215,"column":5}},"215":{"start":{"line":216,"column":0},"end":{"line":216,"column":18}},"216":{"start":{"line":217,"column":0},"end":{"line":217,"column":47}},"217":{"start":{"line":218,"column":0},"end":{"line":218,"column":3}},"218":{"start":{"line":219,"column":0},"end":{"line":219,"column":0}},"219":{"start":{"line":220,"column":0},"end":{"line":220,"column":5}},"220":{"start":{"line":221,"column":0},"end":{"line":221,"column":45}},"221":{"start":{"line":222,"column":0},"end":{"line":222,"column":5}},"222":{"start":{"line":223,"column":0},"end":{"line":223,"column":62}},"223":{"start":{"line":224,"column":0},"end":{"line":224,"column":57}},"224":{"start":{"line":225,"column":0},"end":{"line":225,"column":22}},"225":{"start":{"line":226,"column":0},"end":{"line":226,"column":17}},"226":{"start":{"line":227,"column":0},"end":{"line":227,"column":3}},"227":{"start":{"line":228,"column":0},"end":{"line":228,"column":0}},"228":{"start":{"line":229,"column":0},"end":{"line":229,"column":5}},"229":{"start":{"line":230,"column":0},"end":{"line":230,"column":40}},"230":{"start":{"line":231,"column":0},"end":{"line":231,"column":5}},"231":{"start":{"line":232,"column":0},"end":{"line":232,"column":39}},"232":{"start":{"line":233,"column":0},"end":{"line":233,"column":64}},"233":{"start":{"line":234,"column":0},"end":{"line":234,"column":0}},"234":{"start":{"line":235,"column":0},"end":{"line":235,"column":57}},"235":{"start":{"line":236,"column":0},"end":{"line":236,"column":71}},"236":{"start":{"line":237,"column":0},"end":{"line":237,"column":45}},"237":{"start":{"line":238,"column":0},"end":{"line":238,"column":37}},"238":{"start":{"line":239,"column":0},"end":{"line":239,"column":32}},"239":{"start":{"line":240,"column":0},"end":{"line":240,"column":7}},"240":{"start":{"line":241,"column":0},"end":{"line":241,"column":12}},"241":{"start":{"line":242,"column":0},"end":{"line":242,"column":65}},"242":{"start":{"line":243,"column":0},"end":{"line":243,"column":27}},"243":{"start":{"line":244,"column":0},"end":{"line":244,"column":5}},"244":{"start":{"line":245,"column":0},"end":{"line":245,"column":0}},"245":{"start":{"line":246,"column":0},"end":{"line":246,"column":42}},"246":{"start":{"line":247,"column":0},"end":{"line":247,"column":3}},"247":{"start":{"line":248,"column":0},"end":{"line":248,"column":0}},"248":{"start":{"line":249,"column":0},"end":{"line":249,"column":5}},"249":{"start":{"line":250,"column":0},"end":{"line":250,"column":46}},"250":{"start":{"line":251,"column":0},"end":{"line":251,"column":5}},"251":{"start":{"line":252,"column":0},"end":{"line":252,"column":41}},"252":{"start":{"line":253,"column":0},"end":{"line":253,"column":92}},"253":{"start":{"line":254,"column":0},"end":{"line":254,"column":0}},"254":{"start":{"line":255,"column":0},"end":{"line":255,"column":16}},"255":{"start":{"line":256,"column":0},"end":{"line":256,"column":34}},"256":{"start":{"line":257,"column":0},"end":{"line":257,"column":5}},"257":{"start":{"line":258,"column":0},"end":{"line":258,"column":3}},"258":{"start":{"line":259,"column":0},"end":{"line":259,"column":0}},"259":{"start":{"line":260,"column":0},"end":{"line":260,"column":58}},"260":{"start":{"line":261,"column":0},"end":{"line":261,"column":28}},"261":{"start":{"line":262,"column":0},"end":{"line":262,"column":28}},"262":{"start":{"line":263,"column":0},"end":{"line":263,"column":29}},"263":{"start":{"line":264,"column":0},"end":{"line":264,"column":32}},"264":{"start":{"line":265,"column":0},"end":{"line":265,"column":27}},"265":{"start":{"line":266,"column":0},"end":{"line":266,"column":81}},"266":{"start":{"line":267,"column":0},"end":{"line":267,"column":0}},"267":{"start":{"line":268,"column":0},"end":{"line":268,"column":5}},"268":{"start":{"line":269,"column":0},"end":{"line":269,"column":57}},"269":{"start":{"line":270,"column":0},"end":{"line":270,"column":5}},"270":{"start":{"line":271,"column":0},"end":{"line":271,"column":96}},"271":{"start":{"line":272,"column":0},"end":{"line":272,"column":23}},"272":{"start":{"line":273,"column":0},"end":{"line":273,"column":59}},"273":{"start":{"line":274,"column":0},"end":{"line":274,"column":21}},"274":{"start":{"line":275,"column":0},"end":{"line":275,"column":60}},"275":{"start":{"line":276,"column":0},"end":{"line":276,"column":94}},"276":{"start":{"line":277,"column":0},"end":{"line":277,"column":7}},"277":{"start":{"line":278,"column":0},"end":{"line":278,"column":5}},"278":{"start":{"line":279,"column":0},"end":{"line":279,"column":0}},"279":{"start":{"line":280,"column":0},"end":{"line":280,"column":46}},"280":{"start":{"line":281,"column":0},"end":{"line":281,"column":3}},"281":{"start":{"line":282,"column":0},"end":{"line":282,"column":0}},"282":{"start":{"line":283,"column":0},"end":{"line":283,"column":5}},"283":{"start":{"line":284,"column":0},"end":{"line":284,"column":38}},"284":{"start":{"line":285,"column":0},"end
[...]
,"loc":{"start":{"line":135,"column":39},"end":{"line":135,"column":73}},"locations":[{"start":{"line":135,"column":39},"end":{"line":135,"column":73}}]},"24":{"type":"branch","line":135,"loc":{"start":{"line":135,"column":73},"end":{"line":149,"column":15}},"locations":[{"start":{"line":135,"column":73},"end":{"line":149,"column":15}}]},"25":{"type":"branch","line":137,"loc":{"start":{"line":137,"column":83},"end":{"line":139,"column":27}},"locations":[{"start":{"line":137,"column":83},"end":{"line":139,"column":27}}]},"26":{"type":"branch","line":140,"loc":{"start":{"line":140,"column":63},"end":{"line":141,"column":69}},"locations":[{"start":{"line":140,"column":63},"end":{"line":141,"column":69}}]},"27":{"type":"branch","line":142,"loc":{"start":{"line":142,"column":18},"end":{"line":148,"column":17}},"locations":[{"start":{"line":142,"column":18},"end":{"line":148,"column":17}}]},"28":{"type":"branch","line":149,"loc":{"start":{"line":149,"column":14},"end":{"line":152,"column":58}},"locations":[{"start":{"line":149,"column":14},"end":{"line":152,"column":58}}]},"29":{"type":"branch","line":152,"loc":{"start":{"line":152,"column":42},"end":{"line":153,"column":57}},"locations":[{"start":{"line":152,"column":42},"end":{"line":153,"column":57}}]},"30":{"type":"branch","line":153,"loc":{"start":{"line":153,"column":44},"end":{"line":154,"column":49}},"locations":[{"start":{"line":153,"column":44},"end":{"line":154,"column":49}}]},"31":{"type":"branch","line":155,"loc":{"start":{"line":155,"column":12},"end":{"line":159,"column":11}},"locations":[{"start":{"line":155,"column":12},"end":{"line":159,"column":11}}]},"32":{"type":"branch","line":160,"loc":{"start":{"line":160,"column":8},"end":{"line":168,"column":20}},"locations":[{"start":{"line":160,"column":8},"end":{"line":168,"column":20}}]},"33":{"type":"branch","line":160,"loc":{"start":{"line":160,"column":8},"end":{"line":164,"column":30}},"locations":[{"start":{"line":160,"column":8},"end":{"line":164,"column":30}}]},"34":{"type":"branch","line":164,"loc":{"start":{"line":164,"column":30},"end":{"line":166,"column":9}},"locations":[{"start":{"line":164,"column":30},"end":{"line":166,"column":9}}]},"35":{"type":"branch","line":166,"loc":{"start":{"line":166,"column":8},"end":{"line":168,"column":20}},"locations":[{"start":{"line":166,"column":8},"end":{"line":168,"column":20}}]},"36":{"type":"branch","line":174,"loc":{"start":{"line":174,"column":6},"end":{"line":180,"column":8}},"locations":[{"start":{"line":174,"column":6},"end":{"line":180,"column":8}}]},"37":{"type":"branch","line":176,"loc":{"start":{"line":176,"column":25},"end":{"line":179,"column":9}},"locations":[{"start":{"line":176,"column":25},"end":{"line":179,"column":9}}]},"38":{"type":"branch","line":177,"loc":{"start":{"line":177,"column":16},"end":{"line":179,"column":9}},"locations":[{"start":{"line":177,"column":16},"end":{"line":179,"column":9}}]},"39":{"type":"branch","line":191,"loc":{"start":{"line":191,"column":7},"end":{"line":203,"column":1}},"locations":[{"start":{"line":191,"column":7},"end":{"line":203,"column":1}}]},"40":{"type":"branch","line":208,"loc":{"start":{"line":208,"column":7},"end":{"line":210,"column":1}},"locations":[{"start":{"line":208,"column":7},"end":{"line":210,"column":1}}]}},"b":{"0":[79],"1":[1],"2":[78],"3":[6],"4":[130],"5":[3],"6":[6],"7":[5],"8":[2],"9":[3],"10":[2],"11":[4],"12":[3],"13":[67],"14":[0],"15":[58],"16":[9],"17":[58],"18":[0],"19":[138],"20":[0],"21":[25],"22":[113],"23":[179],"24":[66],"25":[0],"26":[0],"27":[0],"28":[113],"29":[0],"30":[113],"31":[33],"32":[65],"33":[9],"34":[1],"35":[8],"36":[17],"37":[20],"38":[13],"39":[79],"40":[83]},"fnMap":{"0":{"name":"applyNodeInjectorsPatches","decl":{"start":{"line":41,"column":7},"end":{"line":183,"column":1}},"loc":{"start":{"line":41,"column":7},"end":{"line":183,"column":1}},"line":41},"1":{"name":"PatchedNode","decl":{"start":{"line":48,"column":2},"end":{"line":54,"column":3}},"loc":{"start":{"line":48,"column":2},"end":{"line":54,"column":3}},"line":48},"2":{"name":"value","decl":{"start":{"line":58,"column":11},"end":{"line":60,"column":6}},"loc":{"start":{"line":58,"column":11},"end":{"line":60,"column":6}},"line":58},"3":{"name":"Document.createElement","decl":{"start":{"line":73,"column":37},"end":{"line":79,"column":4}},"loc":{"start":{"line":73,"column":37},"end":{"line":79,"column":4}},"line":73},"4":{"name":"value","decl":{"start":{"line":85,"column":6},"end":{"line":97,"column":8}},"loc":{"start":{"line":85,"column":6},"end":{"line":97,"column":8}},"line":85},"5":{"name":"value","decl":{"start":{"line":102,"column":6},"end":{"line":104,"column":8}},"loc":{"start":{"line":102,"column":6},"end":{"line":104,"column":8}},"line":102},"6":{"name":"value","decl":{"start":{"line":109,"column":6},"end":{"line":169,"column":8}},"loc":{"start":{"line":109,"column":6},"end":{"line":169,"column":8}},"line":109},"7":{"name":"value","decl":{"start":{"line":174,"column":6},"end":{"line":180,"column":8}},"loc":{"start":{"line":174,"column":6},"end":{"line":180,"column":8}},"line":174},"8":{"name":"removeNodeInjectorsPatches","decl":{"start":{"line":191,"column":7},"end":{"line":203,"column":1}},"loc":{"start":{"line":191,"column":7},"end":{"line":203,"column":1}},"line":191},"9":{"name":"isNodeInjectorsPatched","decl":{"start":{"line":208,"column":7},"end":{"line":210,"column":1}},"loc":{"start":{"line":208,"column":7},"end":{"line":210,"column":1}},"line":208}},"f":{"0":79,"1":0,"2":6,"3":130,"4":6,"5":3,"6":67,"7":17,"8":79,"9":83}}
,"/Users/nicolasgilbert/workspace/webeverything/plugs/webregistries/CustomElementRegistry.ts": {"path":"/Users/nicolasgilbert/workspace/webeverything/plugs/webregistries/CustomElementRegistry.ts","all":false,"statementMap":{"0":{"start":{"line":1,"column":0},"end":{"line":1,"column":73}},"1":{"start":{"line":2,"column":0},"end":{"line":2,"column":63}},"2":{"start":{"line":3,"column":0},"end":{"line":3,"column":0}},"3":{"start":{"line":4,"column":0},"end":{"line":4,"column":75}},"4":{"start":{"line":5,"column":0},"end":{"line":5,"column":85}},"5":{"start":{"line":6,"column":0},"end":{"line":6,"column":0}},"6":{"start":{"line":7,"column":0},"end":{"line":7,"column":67}},"7":{"start":{"line":8,"column":0},"end":{"line":8,"column":53}},"8":{"start":{"line":9,"column":0},"end":{"line":9,"column":0}},"9":{"start":{"line":10,"column":0},"end":{"line":10,"column":47}},"10":{"start":{"line":11,"column":0},"end":{"line":11,"column":36}},"11":{"start":{"line":12,"column":0},"end":{"line":12,"column":1}},"12":{"start":{"line":13,"column":0},"end":{"line":13,"column":0}},"13":{"start":{"line":14,"column":0},"end":{"line":14,"column":91}},"14":{"start":{"line":15,"column":0},"end":{"line":15,"column":60}},"15":{"start":{"line":16,"column":0},"end":{"line":16,"column":68}},"16":{"start":{"line":17,"column":0},"end":{"line":17,"column":2}},"17":{"start":{"line":18,"column":0},"end":{"line":18,"column":0}},"18":{"start":{"line":19,"column":0},"end":{"line":19,"column":86}},"19":{"start":{"line":20,"column":0},"end":{"line":20,"column":20}},"20":{"start":{"line":21,"column":0},"end":{"line":21,"column":37}},"21":{"start":{"line":22,"column":0},"end":{"line":22,"column":35}},"22":{"start":{"line":23,"column":0},"end":{"line":23,"column":27}},"23":{"start":{"line":24,"column":0},"end":{"line":24,"column":107}},"24":{"start":{"line":25,"column":0},"end":{"line":25,"column":34}},"25":{"start":{"line":26,"column":0},"end":{"line":26,"column":32}},"26":{"start":{"line":27,"column":0},"end":{"line":27,"column":29}},"27":{"start":{"line":28,"column":0},"end":{"line":28,"column":36}},"28":{"start":{"line":29,"column":0},"end":{"line":29,"column":1}},"29":{"start":{"line":30,"column":0},"end":{"line":30,"column":0}},"30":{"start":{"line":31,"column":0},"end":{"line":31,"column":3}},"31":{"start":{"line":32,"column":0},"end":{"line":32,"column":71}},"32":{"start":{"line":33,"column":0},"end":{"line":33,"column":80}},"33":{"start":{"line":34,"column":0},"end":{"line":34,"column":3}},"34":{"start":{"line":35,"column":0},"end":{"line":35,"column":16}},"35":{"start":{"line":36,"column":0},"end":{"line":36,"column":72}},"36":{"start":{"line":37,"column":0},"end":{"line":37,"column":42}},"37":{"start":{"line":38,"column":0},"end":{"line":38,"column":62}},"38":{"start":{"line":39,"column":0},"end":{"line":39,"column":44}},"39":{"start":{"line":40,"column":0},"end":{"line":40,"column":3}},"40":{"start":{"line":41,"column":0},"end":{"line":41,"column":11}},"41":{"start":{"line":42,"column":0},"end":{"line":42,"column":48}},"42":{"start":{"line":43,"column":0},"end":{"line":43,"column":44}},"43":{"start":{"line":44,"column":0},"end":{"line":44,"column":3}},"44":{"start":{"line":45,"column":0},"end":{"line":45,"column":104}},"45":{"start":{"line":46,"column":0},"end":{"line":46,"column":31}},"46":{"start":{"line":47,"column":0},"end":{"line":47,"column":0}},"47":{"start":{"line":48,"column":0},"end":{"line":48,"column":89}},"48":{"start":{"line":49,"column":0},"end":{"line":49,"column":91}},"49":{"start":{"line":50,"column":0},"end":{"line":50,"column":0}},"50":{"start":{"line":51,"column":0},"end":{"line":51,"column":93}},"51":{"start":{"line":52,"column":0},"end":{"line":52,"column":39}},"52":{"start":{"line":53,"column":0},"end":{"line":53,"column":0}},"53":{"start":{"line":54,"column":0},"end":{"line":54,"column":43}},"54":{"start":{"line":55,"column":0},"end":{"line":55,"column":27}},"55":{"start":{"line":56,"column":0},"end":{"line":56,"column":22}},"56":{"start":{"line":57,"column":0},"end":{"line":57,"column":14}},"57":{"start":{"line":58,"column":0},"end":{"line":58,"column":95}},"58":{"start":{"line":59,"column":0},"end":{"line":59,"column":104}},"59":{"start":{"line":60,"column":0},"end":{"line":60,"column":116}},"60":{"start":{"line":61,"column":0},"end":{"line":61,"column":89}},"61":{"start":{"line":62,"column":0},"end":{"line":62,"column":110}},"62":{"start":{"line":63,"column":0},"end":{"line":63,"column":104}},"63":{"start":{"line":64,"column":0},"end":{"line":64,"column":95}},"64":{"start":{"line":65,"column":0},"end":{"line":65,"column":116}},"65":{"start":{"line":66,"column":0},"end":{"line":66,"column":45}},"66":{"start":{"line":67,"column":0},"end":{"line":67,"column":68}},"67":{"start":{"line":68,"column":0},"end":{"line":68,"column":6}},"68":{"start":{"line":69,"column":0},"end":{"line":69,"column":0}},"69":{"start":{"line":70,"column":0},"end":{"line":70,"column":31}},"70":{"start":{"line":71,"column":0},"end":{"line":71,"column":0}},"71":{"start":{"line":72,"column":0},"end":{"line":72,"column":85}},"72":{"start":{"line":73,"column":0},"end":{"line":73,"column":62}},"73":{"start":{"line":74,"column":0},"end":{"line":74,"column":44}},"74":{"start":{"line":75,"column":0},"end":{"line":75,"column":53}},"75":{"start":{"line":76,"column":0},"end":{"line":76,"column":41}},"76":{"start":{"line":77,"column":0},"end":{"line":77,"column":172}},"77":{"start":{"line":78,"column":0},"end":{"line":78,"column":56}},"78":{"start":{"line":79,"column":0},"end":{"line":79,"column":6}},"79":{"start":{"line":80,"column":0},"end":{"line":80,"column":11}},"80":{"start":{"line":81,"column":0},"end":{"line":81,"column":69}},"81":{"start":{"line":82,"column":0},"end":{"line":82,"column":23}},"82":{"start":{"line":83,"column":0},"end":{"line":83,"column":60}},"83":{"start":{"line":84,"column":0},"end":{"line":84,"column":70}},"84":{"start":{"line":85,"column":0},"end":{"line":85,"column":7}},"85":{"start":{"line":86,"column":0},"end":{"line":86,"column":5}},"86":{"start":{"line":87,"column":0},"end":{"line":87,"column":3}},"87":{"start":{"line":88,"column":0},"end":{"line":88,"column":0}},"88":{"start":{"line":89,"column":0},"end":{"line":89,"column":88}},"89":{"start":{"line":90,"column":0},"end":{"line":90,"column":70}},"90":{"start":{"line":91,"column":0},"end":{"line":91,"column":3}},"91":{"start":{"line":92,"column":0},"end":{"line":92,"column":0}},"92":{"start":{"line":93,"column":0},"end":{"line":93,"column":15}},"93":{"start":{"line":94,"column":0},"end":{"line":94,"column":38}},"94":{"start":{"line":95,"column":0},"end":{"line":95,"column":44}},"95":{"start":{"line":96,"column":0},"end":{"line":96,"column":3}},"96":{"start":{"line":97,"column":0},"end":{"line":97,"column":0}},"97":{"start":{"line":98,"column":0},"end":{"line":98,"column":5}},"98":{"start":{"line":99,"column":0},"end":{"line":99,"column":92}},"99":{"start":{"line":100,"column":0},"end":{"line":100,"column":63}},"100":{"start":{"line":101,"column":0},"end":{"line":101,"column":5}},"101":{"start":{"line":102,"column":0},"end":{"line":102,"column":58}},"102":{"start":{"line":103,"column":0},"end":{"line":103,"column":25}},"103":{"start":{"line":104,"column":0},"end":{"line":104,"column":46}},"104":{"start":{"line":105,"column":0},"end":{"line":105,"column":5}},"105":{"start":{"line":106,"column":0},"end":{"line":106,"column":0}},"106":{"start":{"line":107,"column":0},"end":{"line":107,"column":75}},"107":{"start":{"line":108,"column":0},"end":{"line":108,"column":45}},"108":{"start":{"line":109,"column":0},"end":{"line":109,"column":80}},"109":{"start":{"line":110,"column":0},"end":{"line":110,"column":7}},"110":{"start":{"line":111,"column":0},"end":{"line":111,"column":3}},"111":{"start":{"line":112,"column":0},"end":{"line":112,"column":0}},"112":{"start":{"line":113,"column":0},"end":{"line":113,"column":5}},"113":{"start":{"line":114,"column":0},"end":{"line":114,"column":55}},"114":{"start":{"line":115,"column":0},"end":{"line":115,"column":53}},"115":{"start":{"line":116,"column":0},"end":{"line":116,"column":5}},"116":{"start":{"line":117,"column":0},"end":{"line":117,"column":53}},"117":{"start":{"line":118,"column":0},"end":{"line":118,"column":27}},"118":{"start":{"line":119,"column":0},"end":{"line":119,"column":3}},"119":{"start":{"line":120,"column":0},"end":{"line":120,"column":1}}},"s":{"0":1,"1":1,"2":1,"3":1,"4":1,"5":1,"6":1,"7":1,"8":1,"9":1,"10":1,"11":1,"12":1,"13":1,"14":1,"15":1,"16":1,"17":1,"18":1,"19":1,"20":1,"21":1,"22":1,"23":1,"24":1,"25":1,"26":1,"27":1,"28":1,"29":1,"30":1,"31":1,"32":1,"33":1,"34":1,"35":1,"36":1,"37":1,"38":1,"39":1,"40":1,"41":1,"42":1,"43":1,"44":1,"45":81,"46":81,"47":81,"48":20,"49":20,"50":20,"51":20,"52":20,"53":20,"54":20,"55":20,"56":20,"57":20,"58":20,"59":20,"60":20,"61":20,"62":20,"63":20,"64":20,"65":20,"66":20,"67":20,"68":20,"69":20,"70":20,"71":20,"72":20,"73":20,"74":11,"75":11,"76":11,"77":11,"78":11,"79":11,"80":11,"81":11,"82":0,"83":0,"84":0,"85":11,"86":20,"87":81,"88":81,"89":0,"90":0,"91":81,"92":81,"93":0,"94":0,"95":0,"96":81,"97":81,"98":81,"99":81,"100":81,"101":81,"102":1,"103":0,"104":0,"105":1,"106":1,"107":1,"108":1,"109":1,"110":1,"111":81,"112":81,"113":81,"114":81,"115":81,"116":81,"117":9,"118":9,"119":81},"branchMap":{"0":{"type":"branch","line":45,"loc":{"start":{"line":45,"column":103},"end":{"line":120,"column":1}},"locations":[{"start":{"line":45,"column":103},"end":{"line":120,"column":1}}]},"1":{"type":"branch","line":48,"loc":{"start":{"line":48,"column":2},"end":{"line":87,"column":3}},"locations":[{"start":{"line":48,"column":2},"end":{"line":87,"column":3}}]},"2":{"type":"branch","line":58,"loc":{"start":{"line":58,"column":38},"end":{"line":58,"column":95}},"locations":[{"start":{"line":58,"column":38},"end":{"line":58,"column":95}}]},"3":{"type":"branch","line":59,"loc":{"start":{"line":59,"column":41},"end":{"line":59,"column":104}},"locations":[{"start":{"line":59,"column":41},"end":{"line":59,"column":104}}]},"4":{"type":"branch","line":60,"loc":{"start":{"line":60,"column":45},"end":{"line":60,"column":116}},"locations":[{"start":{"line":60,"column":45},"end":{"line":60,"column":116}}]},"5":{"type":"branch","line":61,"loc":{"start":{"line":61,"column":36},"end":{"line":61,"column":89}},"locations":[{"start":{"line":61,"column":36},"end":{"line":61,"column":89}}]},"6":{"type":"branch","line":62,"loc":{"start":{"line":62,"column":43},"end":{"line":62,"column":110}},"locations":[{"start":{"line":62,"column":43},"end":{"line":62,"column":110}}]},"7":{"type":"branch","line":63,"loc":{"start":{"line":63,"column":41},"end":{"line":63,"column":104}},"locations":[{"start":{"line":63,"column":41},"end":{"line":63,"column":104}}]},"8":{"type":"branch","line":64,"loc":{"start":{"line":64,"column":38},"end":{"line":64,"column":95}},"locations":[{"start":{"line":64,"column":38},"end":{"line":64,"column":95}}]},"9":{"type":"branch","line":65,"loc":{"start":{"line":65,"column":45},"end":{"line":65,"column":116}},"locations":[{"start":{"line":65,"column":45},"end":{"line":65,"column":116}}]},"10":{"type":"branch","line":67,"loc":{"start":{"line":67,"column":42},"end":{"line":67,"column":66}},"locations":[{"start":{"line":67,"column":42},"end":{"line":67,"column":66}}]},"11":{"type":"branch","line":74,"loc":{"start":{"line":74,"column":43},"end":{"line":86,"column":5}},"locations":[{"start":{"line":74,"column":43},"end":{"line":86,"column":5}}]},"12":{"type":"branch","line":77,"loc":{"start":{"line":77,"column":24},"end":{"line":77,"column":44}},"locations":[{"start":{"line":77,"column":24},"end":{"line":77,"column":44}}]},"13":{"type":"branch","line":77,"loc":{"start":{"line":77,"column":33},"end":{"line":77,"column":160}},"locations":[{"start":{"line":77,"column":33},"end":{"line":77,"column":160}}]},"14":{"type":"branch","line":77,"loc":{"start":{"line":77,"column":141},"end":{"line":77,"column":160}},"locations":[{"start":{"line":77,"column":141},"end":{"line":77,"column":160}}]},"15":{"type":"branch","line":77,"loc":{"start":{"line":77,"column":146},"end":{"line":77,"column":172}},"locations":[{"start":{"line":77,"column":146},"end":{"line":77,"column":172}}]},"16":{"type":"branch","line":82,"loc":{"start":{"line":82,"column":6},"end":{"line":85,"column":7}},"locations":[{"start":{"line":82,"column":6},"end":{"line":85,"column":7}}]},"17":{"type":"branch","line":102,"loc":{"start":{"line":102,"column":2},"end":{"line":111,"column":3}},"locations":[{"start":{"line":102,"column":2},"end":{"line":111,"column":3}}]},"18":{"type":"branch","line":103,"loc":{"start":{"line":103,"column":24},"end":{"line":105,"column":5}},"locations":[{"start":{"line":103,"column":24},"end":{"line":105,"column":5}}]},"19":{"type":"branch","line":108,"loc":{"start":{"line":108,"column":23},"end":{"line":110,"column":5}},"locations":[{"start":{"line":108,"column":23},"end":{"line":110,"column":5}}]},"20":{"type":"branch","line":117,"loc":{"start":{"line":117,"column":2},"end":{"line":119,"column":3}},"locations":[{"start":{"line":117,"column":2},"end":{"line":119,"column":3}}]}},"b":{"0":[81],"1":[20],"2":[16],"3":[19],"4":[19],"5":[19],"6":[19],"7":[19],"8":[19],"9":[19],"10":[18],"11":[11],"12":[1],"13":[1],"14":[0],"15":[10],"16":[0],"17":[1],"18":[0],"19":[1],"20":[9]},"fnMap":{"0":{"name":"<instance_members_initializer>","decl":{"start":{"line":45,"column":103},"end":{"line":120,"column":1}},"loc":{"start":{"line":45,"column":103},"end":{"line":120,"column":1}},"line":45},"1":{"name":"define","decl":{"start":{"line":48,"column":2},"end":{"line":87,"column":3}},"loc":{"start":{"line":48,"column":2},"end":{"line":87,"column":3}},"line":48},"2":{"name":"upgrade","decl":{"start":{"line":89,"column":2},"end":{"line":91,"column":3}},"loc":{"start":{"line":89,"column":2},"end":{"line":91,"column":3}},"line":89},"3":{"name":"downgrade","decl":{"start":{"line":93,"column":2},"end":{"line":96,"column":3}},"loc":{"start":{"line":93,"column":2},"end":{"line":96,"column":3}},"line":93},"4":{"name":"whenDefined","decl":{"start":{"line":102,"column":2},"end":{"line":111,"column":3}},"loc":{"start":{"line":102,"column":2},"end":{"line":111,"column":3}},"line":102},"5":{"name":"get","decl":{"start":{"line":117,"column":2},"end":{"line":119,"column":3}},"loc":{"start":{"line":117,"column":2},"end":{"line":119,"column":3}},"line":117}},"f":{"0":81,"1":20,"2":0,"3":0,"4":1,"5":9}}
}
